The target system is: Linux -  - 
The host system is: Linux - 5.15.0-60-generic - x86_64
Compiling the C compiler identification source file "CMakeCCompilerId.c" succeeded.
Compiler: /home/liangchuan/Development/rk3588/toolchain/gcc-buildroot-9.3.0-2020.03-x86_64_aarch64-rockchip-linux-gnu/bin/aarch64-rockchip-linux-gnu-gcc 
Build flags: 
Id flags:  

The output was:
0


Compilation of the C compiler identification source "CMakeCCompilerId.c" produced "a.out"

The C compiler identification is GNU, found in "/home/liangchuan/Development/rk3588/rknpu2_1.4.0_20220909/examples/rknn_yolov5_demo/build/build_linux_aarch64/CMakeFiles/3.16.3/CompilerIdC/a.out"

Compiling the CXX compiler identification source file "CMakeCXXCompilerId.cpp" succeeded.
Compiler: /home/liangchuan/Development/rk3588/toolchain/gcc-buildroot-9.3.0-2020.03-x86_64_aarch64-rockchip-linux-gnu/bin/aarch64-rockchip-linux-gnu-g++ 
Build flags: 
Id flags:  

The output was:
0


Compilation of the CXX compiler identification source "CMakeCXXCompilerId.cpp" produced "a.out"

The CXX compiler identification is GNU, found in "/home/liangchuan/Development/rk3588/rknpu2_1.4.0_20220909/examples/rknn_yolov5_demo/build/build_linux_aarch64/CMakeFiles/3.16.3/CompilerIdCXX/a.out"

Determining if the C compiler works passed with the following output:
Change Dir: /home/liangchuan/Development/rk3588/rknpu2_1.4.0_20220909/examples/rknn_yolov5_demo/build/build_linux_aarch64/CMakeFiles/CMakeTmp

Run Build Command(s):/usr/bin/make cmTC_a9b78/fast && /usr/bin/make -f CMakeFiles/cmTC_a9b78.dir/build.make CMakeFiles/cmTC_a9b78.dir/build
make[1]: Entering directory '/home/liangchuan/Development/rk3588/rknpu2_1.4.0_20220909/examples/rknn_yolov5_demo/build/build_linux_aarch64/CMakeFiles/CMakeTmp'
Building C object CMakeFiles/cmTC_a9b78.dir/testCCompiler.c.o
/home/liangchuan/Development/rk3588/toolchain/gcc-buildroot-9.3.0-2020.03-x86_64_aarch64-rockchip-linux-gnu/bin/aarch64-rockchip-linux-gnu-gcc    -o CMakeFiles/cmTC_a9b78.dir/testCCompiler.c.o   -c /home/liangchuan/Development/rk3588/rknpu2_1.4.0_20220909/examples/rknn_yolov5_demo/build/build_linux_aarch64/CMakeFiles/CMakeTmp/testCCompiler.c
Linking C executable cmTC_a9b78
/usr/bin/cmake -E cmake_link_script CMakeFiles/cmTC_a9b78.dir/link.txt --verbose=1
/home/liangchuan/Development/rk3588/toolchain/gcc-buildroot-9.3.0-2020.03-x86_64_aarch64-rockchip-linux-gnu/bin/aarch64-rockchip-linux-gnu-gcc      CMakeFiles/cmTC_a9b78.dir/testCCompiler.c.o  -o cmTC_a9b78 
make[1]: Leaving directory '/home/liangchuan/Development/rk3588/rknpu2_1.4.0_20220909/examples/rknn_yolov5_demo/build/build_linux_aarch64/CMakeFiles/CMakeTmp'



Detecting C compiler ABI info compiled with the following output:
Change Dir: /home/liangchuan/Development/rk3588/rknpu2_1.4.0_20220909/examples/rknn_yolov5_demo/build/build_linux_aarch64/CMakeFiles/CMakeTmp

Run Build Command(s):/usr/bin/make cmTC_61269/fast && /usr/bin/make -f CMakeFiles/cmTC_61269.dir/build.make CMakeFiles/cmTC_61269.dir/build
make[1]: Entering directory '/home/liangchuan/Development/rk3588/rknpu2_1.4.0_20220909/examples/rknn_yolov5_demo/build/build_linux_aarch64/CMakeFiles/CMakeTmp'
Building C object CMakeFiles/cmTC_61269.dir/CMakeCCompilerABI.c.o
/home/liangchuan/Development/rk3588/toolchain/gcc-buildroot-9.3.0-2020.03-x86_64_aarch64-rockchip-linux-gnu/bin/aarch64-rockchip-linux-gnu-gcc   -v -o CMakeFiles/cmTC_61269.dir/CMakeCCompilerABI.c.o   -c /usr/share/cmake-3.16/Modules/CMakeCCompilerABI.c
Using built-in specs.
COLLECT_GCC=/home/liangchuan/Development/rk3588/toolchain/gcc-buildroot-9.3.0-2020.03-x86_64_aarch64-rockchip-linux-gnu/bin/aarch64-rockchip-linux-gnu-gcc.br_real
Target: aarch64-rockchip-linux-gnu
Configured with: ./configure --prefix=/home/yhx/RK356X/SDK/buildroot/output/rockchip_toolchain/host --sysconfdir=/home/yhx/RK356X/SDK/buildroot/output/rockchip_toolchain/host/etc --enable-static --target=aarch64-rockchip-linux-gnu --with-sysroot=/home/yhx/RK356X/SDK/buildroot/output/rockchip_toolchain/host/aarch64-rockchip-linux-gnu/sysroot --enable-__cxa_atexit --with-gnu-ld --disable-libssp --disable-multilib --disable-decimal-float --with-gmp=/home/yhx/RK356X/SDK/buildroot/output/rockchip_toolchain/host --with-mpc=/home/yhx/RK356X/SDK/buildroot/output/rockchip_toolchain/host --with-mpfr=/home/yhx/RK356X/SDK/buildroot/output/rockchip_toolchain/host --with-pkgversion='Buildroot 2018.02-rc3-g548dfbfc13-dirty' --with-bugurl=http://bugs.buildroot.net/ --disable-libquadmath --enable-tls --enable-plugins --enable-lto --enable-threads --with-isl=/home/yhx/RK356X/SDK/buildroot/output/rockchip_toolchain/host --with-abi=lp64 --with-cpu=cortex-a55 --enable-languages=c,c++ --with-build-time-tools=/home/yhx/RK356X/SDK/buildroot/output/rockchip_toolchain/host/aarch64-rockchip-linux-gnu/bin --enable-shared --enable-libgomp
Thread model: posix
gcc version 9.3.0 (Buildroot 2018.02-rc3-g548dfbfc13-dirty) 
COLLECT_GCC_OPTIONS='-v' '-o' 'CMakeFiles/cmTC_61269.dir/CMakeCCompilerABI.c.o' '-c' '-mcpu=cortex-a55' '-mlittle-endian' '-mabi=lp64'
 /home/liangchuan/Development/rk3588/toolchain/gcc-buildroot-9.3.0-2020.03-x86_64_aarch64-rockchip-linux-gnu/bin/../libexec/gcc/aarch64-rockchip-linux-gnu/9.3.0/cc1 -quiet -v -iprefix /home/liangchuan/Development/rk3588/toolchain/gcc-buildroot-9.3.0-2020.03-x86_64_aarch64-rockchip-linux-gnu/bin/../lib/gcc/aarch64-rockchip-linux-gnu/9.3.0/ -isysroot /home/liangchuan/Development/rk3588/toolchain/gcc-buildroot-9.3.0-2020.03-x86_64_aarch64-rockchip-linux-gnu/aarch64-rockchip-linux-gnu/sysroot /usr/share/cmake-3.16/Modules/CMakeCCompilerABI.c -quiet -dumpbase CMakeCCompilerABI.c -mcpu=cortex-a55 -mlittle-endian -mabi=lp64 -auxbase-strip CMakeFiles/cmTC_61269.dir/CMakeCCompilerABI.c.o -version -o /tmp/ccwJlyeU.s
GNU C17 (Buildroot 2018.02-rc3-g548dfbfc13-dirty) version 9.3.0 (aarch64-rockchip-linux-gnu)
	compiled by GNU C version 5.4.0 20160609, GMP version 6.1.2, MPFR version 3.1.6, MPC version 1.0.3, isl version isl-0.18-GMP

GGC heuristics: --param ggc-min-expand=100 --param ggc-min-heapsize=131072
ignoring duplicate directory "/home/liangchuan/Development/rk3588/toolchain/gcc-buildroot-9.3.0-2020.03-x86_64_aarch64-rockchip-linux-gnu/bin/../lib/gcc/../../lib/gcc/aarch64-rockchip-linux-gnu/9.3.0/include"
ignoring nonexistent directory "/home/liangchuan/Development/rk3588/toolchain/gcc-buildroot-9.3.0-2020.03-x86_64_aarch64-rockchip-linux-gnu/aarch64-rockchip-linux-gnu/sysroot/usr/local/include"
ignoring duplicate directory "/home/liangchuan/Development/rk3588/toolchain/gcc-buildroot-9.3.0-2020.03-x86_64_aarch64-rockchip-linux-gnu/bin/../lib/gcc/../../lib/gcc/aarch64-rockchip-linux-gnu/9.3.0/include-fixed"
ignoring duplicate directory "/home/liangchuan/Development/rk3588/toolchain/gcc-buildroot-9.3.0-2020.03-x86_64_aarch64-rockchip-linux-gnu/bin/../lib/gcc/../../lib/gcc/aarch64-rockchip-linux-gnu/9.3.0/../../../../aarch64-rockchip-linux-gnu/include"
#include "..." search starts here:
#include <...> search starts here:
 /home/liangchuan/Development/rk3588/toolchain/gcc-buildroot-9.3.0-2020.03-x86_64_aarch64-rockchip-linux-gnu/bin/../lib/gcc/aarch64-rockchip-linux-gnu/9.3.0/include
 /home/liangchuan/Development/rk3588/toolchain/gcc-buildroot-9.3.0-2020.03-x86_64_aarch64-rockchip-linux-gnu/bin/../lib/gcc/aarch64-rockchip-linux-gnu/9.3.0/include-fixed
 /home/liangchuan/Development/rk3588/toolchain/gcc-buildroot-9.3.0-2020.03-x86_64_aarch64-rockchip-linux-gnu/bin/../lib/gcc/aarch64-rockchip-linux-gnu/9.3.0/../../../../aarch64-rockchip-linux-gnu/include
 /home/liangchuan/Development/rk3588/toolchain/gcc-buildroot-9.3.0-2020.03-x86_64_aarch64-rockchip-linux-gnu/aarch64-rockchip-linux-gnu/sysroot/usr/include
End of search list.
GNU C17 (Buildroot 2018.02-rc3-g548dfbfc13-dirty) version 9.3.0 (aarch64-rockchip-linux-gnu)
	compiled by GNU C version 5.4.0 20160609, GMP version 6.1.2, MPFR version 3.1.6, MPC version 1.0.3, isl version isl-0.18-GMP

GGC heuristics: --param ggc-min-expand=100 --param ggc-min-heapsize=131072
Compiler executable checksum: 2d8ac6bb15d194c8c19a09d3becc9061
COLLECT_GCC_OPTIONS='-v' '-o' 'CMakeFiles/cmTC_61269.dir/CMakeCCompilerABI.c.o' '-c' '-mcpu=cortex-a55' '-mlittle-endian' '-mabi=lp64'
 /home/liangchuan/Development/rk3588/toolchain/gcc-buildroot-9.3.0-2020.03-x86_64_aarch64-rockchip-linux-gnu/bin/../lib/gcc/aarch64-rockchip-linux-gnu/9.3.0/../../../../aarch64-rockchip-linux-gnu/bin/as -v -EL -march=armv8.2-a+fp16+rcpc+dotprod -mabi=lp64 -o CMakeFiles/cmTC_61269.dir/CMakeCCompilerABI.c.o /tmp/ccwJlyeU.s
GNU assembler version 2.29.1 (aarch64-rockchip-linux-gnu) using BFD version (GNU Binutils) 2.29.1
COMPILER_PATH=/home/liangchuan/Development/rk3588/toolchain/gcc-buildroot-9.3.0-2020.03-x86_64_aarch64-rockchip-linux-gnu/bin/../libexec/gcc/aarch64-rockchip-linux-gnu/9.3.0/:/home/liangchuan/Development/rk3588/toolchain/gcc-buildroot-9.3.0-2020.03-x86_64_aarch64-rockchip-linux-gnu/bin/../libexec/gcc/:/home/liangchuan/Development/rk3588/toolchain/gcc-buildroot-9.3.0-2020.03-x86_64_aarch64-rockchip-linux-gnu/bin/../lib/gcc/aarch64-rockchip-linux-gnu/9.3.0/../../../../aarch64-rockchip-linux-gnu/bin/
LIBRARY_PATH=/home/liangchuan/Development/rk3588/toolchain/gcc-buildroot-9.3.0-2020.03-x86_64_aarch64-rockchip-linux-gnu/bin/../lib/gcc/aarch64-rockchip-linux-gnu/9.3.0/:/home/liangchuan/Development/rk3588/toolchain/gcc-buildroot-9.3.0-2020.03-x86_64_aarch64-rockchip-linux-gnu/bin/../lib/gcc/:/home/liangchuan/Development/rk3588/toolchain/gcc-buildroot-9.3.0-2020.03-x86_64_aarch64-rockchip-linux-gnu/aarch64-rockchip-linux-gnu/sysroot/lib/../lib64/:/home/liangchuan/Development/rk3588/toolchain/gcc-buildroot-9.3.0-2020.03-x86_64_aarch64-rockchip-linux-gnu/aarch64-rockchip-linux-gnu/sysroot/usr/lib/../lib64/:/home/liangchuan/Development/rk3588/toolchain/gcc-buildroot-9.3.0-2020.03-x86_64_aarch64-rockchip-linux-gnu/aarch64-rockchip-linux-gnu/sysroot/lib/:/home/liangchuan/Development/rk3588/toolchain/gcc-buildroot-9.3.0-2020.03-x86_64_aarch64-rockchip-linux-gnu/aarch64-rockchip-linux-gnu/sysroot/usr/lib/
COLLECT_GCC_OPTIONS='-v' '-o' 'CMakeFiles/cmTC_61269.dir/CMakeCCompilerABI.c.o' '-c' '-mcpu=cortex-a55' '-mlittle-endian' '-mabi=lp64'
Linking C executable cmTC_61269
/usr/bin/cmake -E cmake_link_script CMakeFiles/cmTC_61269.dir/link.txt --verbose=1
/home/liangchuan/Development/rk3588/toolchain/gcc-buildroot-9.3.0-2020.03-x86_64_aarch64-rockchip-linux-gnu/bin/aarch64-rockchip-linux-gnu-gcc     -v CMakeFiles/cmTC_61269.dir/CMakeCCompilerABI.c.o  -o cmTC_61269 
Using built-in specs.
COLLECT_GCC=/home/liangchuan/Development/rk3588/toolchain/gcc-buildroot-9.3.0-2020.03-x86_64_aarch64-rockchip-linux-gnu/bin/aarch64-rockchip-linux-gnu-gcc.br_real
COLLECT_LTO_WRAPPER=/home/liangchuan/Development/rk3588/toolchain/gcc-buildroot-9.3.0-2020.03-x86_64_aarch64-rockchip-linux-gnu/bin/../libexec/gcc/aarch64-rockchip-linux-gnu/9.3.0/lto-wrapper
Target: aarch64-rockchip-linux-gnu
Configured with: ./configure --prefix=/home/yhx/RK356X/SDK/buildroot/output/rockchip_toolchain/host --sysconfdir=/home/yhx/RK356X/SDK/buildroot/output/rockchip_toolchain/host/etc --enable-static --target=aarch64-rockchip-linux-gnu --with-sysroot=/home/yhx/RK356X/SDK/buildroot/output/rockchip_toolchain/host/aarch64-rockchip-linux-gnu/sysroot --enable-__cxa_atexit --with-gnu-ld --disable-libssp --disable-multilib --disable-decimal-float --with-gmp=/home/yhx/RK356X/SDK/buildroot/output/rockchip_toolchain/host --with-mpc=/home/yhx/RK356X/SDK/buildroot/output/rockchip_toolchain/host --with-mpfr=/home/yhx/RK356X/SDK/buildroot/output/rockchip_toolchain/host --with-pkgversion='Buildroot 2018.02-rc3-g548dfbfc13-dirty' --with-bugurl=http://bugs.buildroot.net/ --disable-libquadmath --enable-tls --enable-plugins --enable-lto --enable-threads --with-isl=/home/yhx/RK356X/SDK/buildroot/output/rockchip_toolchain/host --with-abi=lp64 --with-cpu=cortex-a55 --enable-languages=c,c++ --with-build-time-tools=/home/yhx/RK356X/SDK/buildroot/output/rockchip_toolchain/host/aarch64-rockchip-linux-gnu/bin --enable-shared --enable-libgomp
Thread model: posix
gcc version 9.3.0 (Buildroot 2018.02-rc3-g548dfbfc13-dirty) 
COMPILER_PATH=/home/liangchuan/Development/rk3588/toolchain/gcc-buildroot-9.3.0-2020.03-x86_64_aarch64-rockchip-linux-gnu/bin/../libexec/gcc/aarch64-rockchip-linux-gnu/9.3.0/:/home/liangchuan/Development/rk3588/toolchain/gcc-buildroot-9.3.0-2020.03-x86_64_aarch64-rockchip-linux-gnu/bin/../libexec/gcc/:/home/liangchuan/Development/rk3588/toolchain/gcc-buildroot-9.3.0-2020.03-x86_64_aarch64-rockchip-linux-gnu/bin/../lib/gcc/aarch64-rockchip-linux-gnu/9.3.0/../../../../aarch64-rockchip-linux-gnu/bin/
LIBRARY_PATH=/home/liangchuan/Development/rk3588/toolchain/gcc-buildroot-9.3.0-2020.03-x86_64_aarch64-rockchip-linux-gnu/bin/../lib/gcc/aarch64-rockchip-linux-gnu/9.3.0/:/home/liangchuan/Development/rk3588/toolchain/gcc-buildroot-9.3.0-2020.03-x86_64_aarch64-rockchip-linux-gnu/bin/../lib/gcc/:/home/liangchuan/Development/rk3588/toolchain/gcc-buildroot-9.3.0-2020.03-x86_64_aarch64-rockchip-linux-gnu/aarch64-rockchip-linux-gnu/sysroot/lib/../lib64/:/home/liangchuan/Development/rk3588/toolchain/gcc-buildroot-9.3.0-2020.03-x86_64_aarch64-rockchip-linux-gnu/aarch64-rockchip-linux-gnu/sysroot/usr/lib/../lib64/:/home/liangchuan/Development/rk3588/toolchain/gcc-buildroot-9.3.0-2020.03-x86_64_aarch64-rockchip-linux-gnu/aarch64-rockchip-linux-gnu/sysroot/lib/:/home/liangchuan/Development/rk3588/toolchain/gcc-buildroot-9.3.0-2020.03-x86_64_aarch64-rockchip-linux-gnu/aarch64-rockchip-linux-gnu/sysroot/usr/lib/
COLLECT_GCC_OPTIONS='-v' '-o' 'cmTC_61269' '-mcpu=cortex-a55' '-mlittle-endian' '-mabi=lp64'
 /home/liangchuan/Development/rk3588/toolchain/gcc-buildroot-9.3.0-2020.03-x86_64_aarch64-rockchip-linux-gnu/bin/../libexec/gcc/aarch64-rockchip-linux-gnu/9.3.0/collect2 -plugin /home/liangchuan/Development/rk3588/toolchain/gcc-buildroot-9.3.0-2020.03-x86_64_aarch64-rockchip-linux-gnu/bin/../libexec/gcc/aarch64-rockchip-linux-gnu/9.3.0/liblto_plugin.so -plugin-opt=/home/liangchuan/Development/rk3588/toolchain/gcc-buildroot-9.3.0-2020.03-x86_64_aarch64-rockchip-linux-gnu/bin/../libexec/gcc/aarch64-rockchip-linux-gnu/9.3.0/lto-wrapper -plugin-opt=-fresolution=/tmp/ccHdmNbm.res -plugin-opt=-pass-through=-lgcc -plugin-opt=-pass-through=-lgcc_s -plugin-opt=-pass-through=-lc -plugin-opt=-pass-through=-lgcc -plugin-opt=-pass-through=-lgcc_s --sysroot=/home/liangchuan/Development/rk3588/toolchain/gcc-buildroot-9.3.0-2020.03-x86_64_aarch64-rockchip-linux-gnu/aarch64-rockchip-linux-gnu/sysroot --eh-frame-hdr -dynamic-linker /lib/ld-linux-aarch64.so.1 -X -EL -maarch64linux -o cmTC_61269 /home/liangchuan/Development/rk3588/toolchain/gcc-buildroot-9.3.0-2020.03-x86_64_aarch64-rockchip-linux-gnu/aarch64-rockchip-linux-gnu/sysroot/usr/lib/../lib64/crt1.o /home/liangchuan/Development/rk3588/toolchain/gcc-buildroot-9.3.0-2020.03-x86_64_aarch64-rockchip-linux-gnu/aarch64-rockchip-linux-gnu/sysroot/usr/lib/../lib64/crti.o /home/liangchuan/Development/rk3588/toolchain/gcc-buildroot-9.3.0-2020.03-x86_64_aarch64-rockchip-linux-gnu/bin/../lib/gcc/aarch64-rockchip-linux-gnu/9.3.0/crtbegin.o -L/home/liangchuan/Development/rk3588/toolchain/gcc-buildroot-9.3.0-2020.03-x86_64_aarch64-rockchip-linux-gnu/bin/../lib/gcc/aarch64-rockchip-linux-gnu/9.3.0 -L/home/liangchuan/Development/rk3588/toolchain/gcc-buildroot-9.3.0-2020.03-x86_64_aarch64-rockchip-linux-gnu/bin/../lib/gcc -L/home/liangchuan/Development/rk3588/toolchain/gcc-buildroot-9.3.0-2020.03-x86_64_aarch64-rockchip-linux-gnu/aarch64-rockchip-linux-gnu/sysroot/lib/../lib64 -L/home/liangchuan/Development/rk3588/toolchain/gcc-buildroot-9.3.0-2020.03-x86_64_aarch64-rockchip-linux-gnu/aarch64-rockchip-linux-gnu/sysroot/usr/lib/../lib64 -L/home/liangchuan/Development/rk3588/toolchain/gcc-buildroot-9.3.0-2020.03-x86_64_aarch64-rockchip-linux-gnu/aarch64-rockchip-linux-gnu/sysroot/lib -L/home/liangchuan/Development/rk3588/toolchain/gcc-buildroot-9.3.0-2020.03-x86_64_aarch64-rockchip-linux-gnu/aarch64-rockchip-linux-gnu/sysroot/usr/lib CMakeFiles/cmTC_61269.dir/CMakeCCompilerABI.c.o -lgcc --push-state --as-needed -lgcc_s --pop-state -lc -lgcc --push-state --as-needed -lgcc_s --pop-state /home/liangchuan/Development/rk3588/toolchain/gcc-buildroot-9.3.0-2020.03-x86_64_aarch64-rockchip-linux-gnu/bin/../lib/gcc/aarch64-rockchip-linux-gnu/9.3.0/crtend.o /home/liangchuan/Development/rk3588/toolchain/gcc-buildroot-9.3.0-2020.03-x86_64_aarch64-rockchip-linux-gnu/aarch64-rockchip-linux-gnu/sysroot/usr/lib/../lib64/crtn.o
COLLECT_GCC_OPTIONS='-v' '-o' 'cmTC_61269' '-mcpu=cortex-a55' '-mlittle-endian' '-mabi=lp64'
make[1]: Leaving directory '/home/liangchuan/Development/rk3588/rknpu2_1.4.0_20220909/examples/rknn_yolov5_demo/build/build_linux_aarch64/CMakeFiles/CMakeTmp'



Parsed C implicit include dir info from above output: rv=done
  found start of include info
  found start of implicit include info
    add: [/home/liangchuan/Development/rk3588/toolchain/gcc-buildroot-9.3.0-2020.03-x86_64_aarch64-rockchip-linux-gnu/bin/../lib/gcc/aarch64-rockchip-linux-gnu/9.3.0/include]
    add: [/home/liangchuan/Development/rk3588/toolchain/gcc-buildroot-9.3.0-2020.03-x86_64_aarch64-rockchip-linux-gnu/bin/../lib/gcc/aarch64-rockchip-linux-gnu/9.3.0/include-fixed]
    add: [/home/liangchuan/Development/rk3588/toolchain/gcc-buildroot-9.3.0-2020.03-x86_64_aarch64-rockchip-linux-gnu/bin/../lib/gcc/aarch64-rockchip-linux-gnu/9.3.0/../../../../aarch64-rockchip-linux-gnu/include]
    add: [/home/liangchuan/Development/rk3588/toolchain/gcc-buildroot-9.3.0-2020.03-x86_64_aarch64-rockchip-linux-gnu/aarch64-rockchip-linux-gnu/sysroot/usr/include]
  end of search list found
  collapse include dir [/home/liangchuan/Development/rk3588/toolchain/gcc-buildroot-9.3.0-2020.03-x86_64_aarch64-rockchip-linux-gnu/bin/../lib/gcc/aarch64-rockchip-linux-gnu/9.3.0/include] ==> [/home/liangchuan/Development/rk3588/toolchain/gcc-buildroot-9.3.0-2020.03-x86_64_aarch64-rockchip-linux-gnu/lib/gcc/aarch64-rockchip-linux-gnu/9.3.0/include]
  collapse include dir [/home/liangchuan/Development/rk3588/toolchain/gcc-buildroot-9.3.0-2020.03-x86_64_aarch64-rockchip-linux-gnu/bin/../lib/gcc/aarch64-rockchip-linux-gnu/9.3.0/include-fixed] ==> [/home/liangchuan/Development/rk3588/toolchain/gcc-buildroot-9.3.0-2020.03-x86_64_aarch64-rockchip-linux-gnu/lib/gcc/aarch64-rockchip-linux-gnu/9.3.0/include-fixed]
  collapse include dir [/home/liangchuan/Development/rk3588/toolchain/gcc-buildroot-9.3.0-2020.03-x86_64_aarch64-rockchip-linux-gnu/bin/../lib/gcc/aarch64-rockchip-linux-gnu/9.3.0/../../../../aarch64-rockchip-linux-gnu/include] ==> [/home/liangchuan/Development/rk3588/toolchain/gcc-buildroot-9.3.0-2020.03-x86_64_aarch64-rockchip-linux-gnu/aarch64-rockchip-linux-gnu/include]
  collapse include dir [/home/liangchuan/Development/rk3588/toolchain/gcc-buildroot-9.3.0-2020.03-x86_64_aarch64-rockchip-linux-gnu/aarch64-rockchip-linux-gnu/sysroot/usr/include] ==> [/home/liangchuan/Development/rk3588/toolchain/gcc-buildroot-9.3.0-2020.03-x86_64_aarch64-rockchip-linux-gnu/aarch64-rockchip-linux-gnu/sysroot/usr/include]
  implicit include dirs: [/home/liangchuan/Development/rk3588/toolchain/gcc-buildroot-9.3.0-2020.03-x86_64_aarch64-rockchip-linux-gnu/lib/gcc/aarch64-rockchip-linux-gnu/9.3.0/include;/home/liangchuan/Development/rk3588/toolchain/gcc-buildroot-9.3.0-2020.03-x86_64_aarch64-rockchip-linux-gnu/lib/gcc/aarch64-rockchip-linux-gnu/9.3.0/include-fixed;/home/liangchuan/Development/rk3588/toolchain/gcc-buildroot-9.3.0-2020.03-x86_64_aarch64-rockchip-linux-gnu/aarch64-rockchip-linux-gnu/include;/home/liangchuan/Development/rk3588/toolchain/gcc-buildroot-9.3.0-2020.03-x86_64_aarch64-rockchip-linux-gnu/aarch64-rockchip-linux-gnu/sysroot/usr/include]


Parsed C implicit link information from above output:
  link line regex: [^( *|.*[/\])(aarch64-rockchip-linux-gnu-ld|CMAKE_LINK_STARTFILE-NOTFOUND|([^/\]+-)?ld|collect2)[^/\]*( |$)]
  ignore line: [Change Dir: /home/liangchuan/Development/rk3588/rknpu2_1.4.0_20220909/examples/rknn_yolov5_demo/build/build_linux_aarch64/CMakeFiles/CMakeTmp]
  ignore line: []
  ignore line: [Run Build Command(s):/usr/bin/make cmTC_61269/fast && /usr/bin/make -f CMakeFiles/cmTC_61269.dir/build.make CMakeFiles/cmTC_61269.dir/build]
  ignore line: [make[1]: Entering directory '/home/liangchuan/Development/rk3588/rknpu2_1.4.0_20220909/examples/rknn_yolov5_demo/build/build_linux_aarch64/CMakeFiles/CMakeTmp']
  ignore line: [Building C object CMakeFiles/cmTC_61269.dir/CMakeCCompilerABI.c.o]
  ignore line: [/home/liangchuan/Development/rk3588/toolchain/gcc-buildroot-9.3.0-2020.03-x86_64_aarch64-rockchip-linux-gnu/bin/aarch64-rockchip-linux-gnu-gcc   -v -o CMakeFiles/cmTC_61269.dir/CMakeCCompilerABI.c.o   -c /usr/share/cmake-3.16/Modules/CMakeCCompilerABI.c]
  ignore line: [Using built-in specs.]
  ignore line: [COLLECT_GCC=/home/liangchuan/Development/rk3588/toolchain/gcc-buildroot-9.3.0-2020.03-x86_64_aarch64-rockchip-linux-gnu/bin/aarch64-rockchip-linux-gnu-gcc.br_real]
  ignore line: [Target: aarch64-rockchip-linux-gnu]
  ignore line: [Configured with: ./configure --prefix=/home/yhx/RK356X/SDK/buildroot/output/rockchip_toolchain/host --sysconfdir=/home/yhx/RK356X/SDK/buildroot/output/rockchip_toolchain/host/etc --enable-static --target=aarch64-rockchip-linux-gnu --with-sysroot=/home/yhx/RK356X/SDK/buildroot/output/rockchip_toolchain/host/aarch64-rockchip-linux-gnu/sysroot --enable-__cxa_atexit --with-gnu-ld --disable-libssp --disable-multilib --disable-decimal-float --with-gmp=/home/yhx/RK356X/SDK/buildroot/output/rockchip_toolchain/host --with-mpc=/home/yhx/RK356X/SDK/buildroot/output/rockchip_toolchain/host --with-mpfr=/home/yhx/RK356X/SDK/buildroot/output/rockchip_toolchain/host --with-pkgversion='Buildroot 2018.02-rc3-g548dfbfc13-dirty' --with-bugurl=http://bugs.buildroot.net/ --disable-libquadmath --enable-tls --enable-plugins --enable-lto --enable-threads --with-isl=/home/yhx/RK356X/SDK/buildroot/output/rockchip_toolchain/host --with-abi=lp64 --with-cpu=cortex-a55 --enable-languages=c,c++ --with-build-time-tools=/home/yhx/RK356X/SDK/buildroot/output/rockchip_toolchain/host/aarch64-rockchip-linux-gnu/bin --enable-shared --enable-libgomp]
  ignore line: [Thread model: posix]
  ignore line: [gcc version 9.3.0 (Buildroot 2018.02-rc3-g548dfbfc13-dirty) ]
  ignore line: [COLLECT_GCC_OPTIONS='-v' '-o' 'CMakeFiles/cmTC_61269.dir/CMakeCCompilerABI.c.o' '-c' '-mcpu=cortex-a55' '-mlittle-endian' '-mabi=lp64']
  ignore line: [ /home/liangchuan/Development/rk3588/toolchain/gcc-buildroot-9.3.0-2020.03-x86_64_aarch64-rockchip-linux-gnu/bin/../libexec/gcc/aarch64-rockchip-linux-gnu/9.3.0/cc1 -quiet -v -iprefix /home/liangchuan/Development/rk3588/toolchain/gcc-buildroot-9.3.0-2020.03-x86_64_aarch64-rockchip-linux-gnu/bin/../lib/gcc/aarch64-rockchip-linux-gnu/9.3.0/ -isysroot /home/liangchuan/Development/rk3588/toolchain/gcc-buildroot-9.3.0-2020.03-x86_64_aarch64-rockchip-linux-gnu/aarch64-rockchip-linux-gnu/sysroot /usr/share/cmake-3.16/Modules/CMakeCCompilerABI.c -quiet -dumpbase CMakeCCompilerABI.c -mcpu=cortex-a55 -mlittle-endian -mabi=lp64 -auxbase-strip CMakeFiles/cmTC_61269.dir/CMakeCCompilerABI.c.o -version -o /tmp/ccwJlyeU.s]
  ignore line: [GNU C17 (Buildroot 2018.02-rc3-g548dfbfc13-dirty) version 9.3.0 (aarch64-rockchip-linux-gnu)]
  ignore line: [	compiled by GNU C version 5.4.0 20160609  GMP version 6.1.2  MPFR version 3.1.6  MPC version 1.0.3  isl version isl-0.18-GMP]
  ignore line: []
  ignore line: [GGC heuristics: --param ggc-min-expand=100 --param ggc-min-heapsize=131072]
  ignore line: [ignoring duplicate directory "/home/liangchuan/Development/rk3588/toolchain/gcc-buildroot-9.3.0-2020.03-x86_64_aarch64-rockchip-linux-gnu/bin/../lib/gcc/../../lib/gcc/aarch64-rockchip-linux-gnu/9.3.0/include"]
  ignore line: [ignoring nonexistent directory "/home/liangchuan/Development/rk3588/toolchain/gcc-buildroot-9.3.0-2020.03-x86_64_aarch64-rockchip-linux-gnu/aarch64-rockchip-linux-gnu/sysroot/usr/local/include"]
  ignore line: [ignoring duplicate directory "/home/liangchuan/Development/rk3588/toolchain/gcc-buildroot-9.3.0-2020.03-x86_64_aarch64-rockchip-linux-gnu/bin/../lib/gcc/../../lib/gcc/aarch64-rockchip-linux-gnu/9.3.0/include-fixed"]
  ignore line: [ignoring duplicate directory "/home/liangchuan/Development/rk3588/toolchain/gcc-buildroot-9.3.0-2020.03-x86_64_aarch64-rockchip-linux-gnu/bin/../lib/gcc/../../lib/gcc/aarch64-rockchip-linux-gnu/9.3.0/../../../../aarch64-rockchip-linux-gnu/include"]
  ignore line: [#include "..." search starts here:]
  ignore line: [#include <...> search starts here:]
  ignore line: [ /home/liangchuan/Development/rk3588/toolchain/gcc-buildroot-9.3.0-2020.03-x86_64_aarch64-rockchip-linux-gnu/bin/../lib/gcc/aarch64-rockchip-linux-gnu/9.3.0/include]
  ignore line: [ /home/liangchuan/Development/rk3588/toolchain/gcc-buildroot-9.3.0-2020.03-x86_64_aarch64-rockchip-linux-gnu/bin/../lib/gcc/aarch64-rockchip-linux-gnu/9.3.0/include-fixed]
  ignore line: [ /home/liangchuan/Development/rk3588/toolchain/gcc-buildroot-9.3.0-2020.03-x86_64_aarch64-rockchip-linux-gnu/bin/../lib/gcc/aarch64-rockchip-linux-gnu/9.3.0/../../../../aarch64-rockchip-linux-gnu/include]
  ignore line: [ /home/liangchuan/Development/rk3588/toolchain/gcc-buildroot-9.3.0-2020.03-x86_64_aarch64-rockchip-linux-gnu/aarch64-rockchip-linux-gnu/sysroot/usr/include]
  ignore line: [End of search list.]
  ignore line: [GNU C17 (Buildroot 2018.02-rc3-g548dfbfc13-dirty) version 9.3.0 (aarch64-rockchip-linux-gnu)]
  ignore line: [	compiled by GNU C version 5.4.0 20160609  GMP version 6.1.2  MPFR version 3.1.6  MPC version 1.0.3  isl version isl-0.18-GMP]
  ignore line: []
  ignore line: [GGC heuristics: --param ggc-min-expand=100 --param ggc-min-heapsize=131072]
  ignore line: [Compiler executable checksum: 2d8ac6bb15d194c8c19a09d3becc9061]
  ignore line: [COLLECT_GCC_OPTIONS='-v' '-o' 'CMakeFiles/cmTC_61269.dir/CMakeCCompilerABI.c.o' '-c' '-mcpu=cortex-a55' '-mlittle-endian' '-mabi=lp64']
  ignore line: [ /home/liangchuan/Development/rk3588/toolchain/gcc-buildroot-9.3.0-2020.03-x86_64_aarch64-rockchip-linux-gnu/bin/../lib/gcc/aarch64-rockchip-linux-gnu/9.3.0/../../../../aarch64-rockchip-linux-gnu/bin/as -v -EL -march=armv8.2-a+fp16+rcpc+dotprod -mabi=lp64 -o CMakeFiles/cmTC_61269.dir/CMakeCCompilerABI.c.o /tmp/ccwJlyeU.s]
  ignore line: [GNU assembler version 2.29.1 (aarch64-rockchip-linux-gnu) using BFD version (GNU Binutils) 2.29.1]
  ignore line: [COMPILER_PATH=/home/liangchuan/Development/rk3588/toolchain/gcc-buildroot-9.3.0-2020.03-x86_64_aarch64-rockchip-linux-gnu/bin/../libexec/gcc/aarch64-rockchip-linux-gnu/9.3.0/:/home/liangchuan/Development/rk3588/toolchain/gcc-buildroot-9.3.0-2020.03-x86_64_aarch64-rockchip-linux-gnu/bin/../libexec/gcc/:/home/liangchuan/Development/rk3588/toolchain/gcc-buildroot-9.3.0-2020.03-x86_64_aarch64-rockchip-linux-gnu/bin/../lib/gcc/aarch64-rockchip-linux-gnu/9.3.0/../../../../aarch64-rockchip-linux-gnu/bin/]
  ignore line: [LIBRARY_PATH=/home/liangchuan/Development/rk3588/toolchain/gcc-buildroot-9.3.0-2020.03-x86_64_aarch64-rockchip-linux-gnu/bin/../lib/gcc/aarch64-rockchip-linux-gnu/9.3.0/:/home/liangchuan/Development/rk3588/toolchain/gcc-buildroot-9.3.0-2020.03-x86_64_aarch64-rockchip-linux-gnu/bin/../lib/gcc/:/home/liangchuan/Development/rk3588/toolchain/gcc-buildroot-9.3.0-2020.03-x86_64_aarch64-rockchip-linux-gnu/aarch64-rockchip-linux-gnu/sysroot/lib/../lib64/:/home/liangchuan/Development/rk3588/toolchain/gcc-buildroot-9.3.0-2020.03-x86_64_aarch64-rockchip-linux-gnu/aarch64-rockchip-linux-gnu/sysroot/usr/lib/../lib64/:/home/liangchuan/Development/rk3588/toolchain/gcc-buildroot-9.3.0-2020.03-x86_64_aarch64-rockchip-linux-gnu/aarch64-rockchip-linux-gnu/sysroot/lib/:/home/liangchuan/Development/rk3588/toolchain/gcc-buildroot-9.3.0-2020.03-x86_64_aarch64-rockchip-linux-gnu/aarch64-rockchip-linux-gnu/sysroot/usr/lib/]
  ignore line: [COLLECT_GCC_OPTIONS='-v' '-o' 'CMakeFiles/cmTC_61269.dir/CMakeCCompilerABI.c.o' '-c' '-mcpu=cortex-a55' '-mlittle-endian' '-mabi=lp64']
  ignore line: [Linking C executable cmTC_61269]
  ignore line: [/usr/bin/cmake -E cmake_link_script CMakeFiles/cmTC_61269.dir/link.txt --verbose=1]
  ignore line: [/home/liangchuan/Development/rk3588/toolchain/gcc-buildroot-9.3.0-2020.03-x86_64_aarch64-rockchip-linux-gnu/bin/aarch64-rockchip-linux-gnu-gcc     -v CMakeFiles/cmTC_61269.dir/CMakeCCompilerABI.c.o  -o cmTC_61269 ]
  ignore line: [Using built-in specs.]
  ignore line: [COLLECT_GCC=/home/liangchuan/Development/rk3588/toolchain/gcc-buildroot-9.3.0-2020.03-x86_64_aarch64-rockchip-linux-gnu/bin/aarch64-rockchip-linux-gnu-gcc.br_real]
  ignore line: [COLLECT_LTO_WRAPPER=/home/liangchuan/Development/rk3588/toolchain/gcc-buildroot-9.3.0-2020.03-x86_64_aarch64-rockchip-linux-gnu/bin/../libexec/gcc/aarch64-rockchip-linux-gnu/9.3.0/lto-wrapper]
  ignore line: [Target: aarch64-rockchip-linux-gnu]
  ignore line: [Configured with: ./configure --prefix=/home/yhx/RK356X/SDK/buildroot/output/rockchip_toolchain/host --sysconfdir=/home/yhx/RK356X/SDK/buildroot/output/rockchip_toolchain/host/etc --enable-static --target=aarch64-rockchip-linux-gnu --with-sysroot=/home/yhx/RK356X/SDK/buildroot/output/rockchip_toolchain/host/aarch64-rockchip-linux-gnu/sysroot --enable-__cxa_atexit --with-gnu-ld --disable-libssp --disable-multilib --disable-decimal-float --with-gmp=/home/yhx/RK356X/SDK/buildroot/output/rockchip_toolchain/host --with-mpc=/home/yhx/RK356X/SDK/buildroot/output/rockchip_toolchain/host --with-mpfr=/home/yhx/RK356X/SDK/buildroot/output/rockchip_toolchain/host --with-pkgversion='Buildroot 2018.02-rc3-g548dfbfc13-dirty' --with-bugurl=http://bugs.buildroot.net/ --disable-libquadmath --enable-tls --enable-plugins --enable-lto --enable-threads --with-isl=/home/yhx/RK356X/SDK/buildroot/output/rockchip_toolchain/host --with-abi=lp64 --with-cpu=cortex-a55 --enable-languages=c,c++ --with-build-time-tools=/home/yhx/RK356X/SDK/buildroot/output/rockchip_toolchain/host/aarch64-rockchip-linux-gnu/bin --enable-shared --enable-libgomp]
  ignore line: [Thread model: posix]
  ignore line: [gcc version 9.3.0 (Buildroot 2018.02-rc3-g548dfbfc13-dirty) ]
  ignore line: [COMPILER_PATH=/home/liangchuan/Development/rk3588/toolchain/gcc-buildroot-9.3.0-2020.03-x86_64_aarch64-rockchip-linux-gnu/bin/../libexec/gcc/aarch64-rockchip-linux-gnu/9.3.0/:/home/liangchuan/Development/rk3588/toolchain/gcc-buildroot-9.3.0-2020.03-x86_64_aarch64-rockchip-linux-gnu/bin/../libexec/gcc/:/home/liangchuan/Development/rk3588/toolchain/gcc-buildroot-9.3.0-2020.03-x86_64_aarch64-rockchip-linux-gnu/bin/../lib/gcc/aarch64-rockchip-linux-gnu/9.3.0/../../../../aarch64-rockchip-linux-gnu/bin/]
  ignore line: [LIBRARY_PATH=/home/liangchuan/Development/rk3588/toolchain/gcc-buildroot-9.3.0-2020.03-x86_64_aarch64-rockchip-linux-gnu/bin/../lib/gcc/aarch64-rockchip-linux-gnu/9.3.0/:/home/liangchuan/Development/rk3588/toolchain/gcc-buildroot-9.3.0-2020.03-x86_64_aarch64-rockchip-linux-gnu/bin/../lib/gcc/:/home/liangchuan/Development/rk3588/toolchain/gcc-buildroot-9.3.0-2020.03-x86_64_aarch64-rockchip-linux-gnu/aarch64-rockchip-linux-gnu/sysroot/lib/../lib64/:/home/liangchuan/Development/rk3588/toolchain/gcc-buildroot-9.3.0-2020.03-x86_64_aarch64-rockchip-linux-gnu/aarch64-rockchip-linux-gnu/sysroot/usr/lib/../lib64/:/home/liangchuan/Development/rk3588/toolchain/gcc-buildroot-9.3.0-2020.03-x86_64_aarch64-rockchip-linux-gnu/aarch64-rockchip-linux-gnu/sysroot/lib/:/home/liangchuan/Development/rk3588/toolchain/gcc-buildroot-9.3.0-2020.03-x86_64_aarch64-rockchip-linux-gnu/aarch64-rockchip-linux-gnu/sysroot/usr/lib/]
  ignore line: [COLLECT_GCC_OPTIONS='-v' '-o' 'cmTC_61269' '-mcpu=cortex-a55' '-mlittle-endian' '-mabi=lp64']
  link line: [ /home/liangchuan/Development/rk3588/toolchain/gcc-buildroot-9.3.0-2020.03-x86_64_aarch64-rockchip-linux-gnu/bin/../libexec/gcc/aarch64-rockchip-linux-gnu/9.3.0/collect2 -plugin /home/liangchuan/Development/rk3588/toolchain/gcc-buildroot-9.3.0-2020.03-x86_64_aarch64-rockchip-linux-gnu/bin/../libexec/gcc/aarch64-rockchip-linux-gnu/9.3.0/liblto_plugin.so -plugin-opt=/home/liangchuan/Development/rk3588/toolchain/gcc-buildroot-9.3.0-2020.03-x86_64_aarch64-rockchip-linux-gnu/bin/../libexec/gcc/aarch64-rockchip-linux-gnu/9.3.0/lto-wrapper -plugin-opt=-fresolution=/tmp/ccHdmNbm.res -plugin-opt=-pass-through=-lgcc -plugin-opt=-pass-through=-lgcc_s -plugin-opt=-pass-through=-lc -plugin-opt=-pass-through=-lgcc -plugin-opt=-pass-through=-lgcc_s --sysroot=/home/liangchuan/Development/rk3588/toolchain/gcc-buildroot-9.3.0-2020.03-x86_64_aarch64-rockchip-linux-gnu/aarch64-rockchip-linux-gnu/sysroot --eh-frame-hdr -dynamic-linker /lib/ld-linux-aarch64.so.1 -X -EL -maarch64linux -o cmTC_61269 /home/liangchuan/Development/rk3588/toolchain/gcc-buildroot-9.3.0-2020.03-x86_64_aarch64-rockchip-linux-gnu/aarch64-rockchip-linux-gnu/sysroot/usr/lib/../lib64/crt1.o /home/liangchuan/Development/rk3588/toolchain/gcc-buildroot-9.3.0-2020.03-x86_64_aarch64-rockchip-linux-gnu/aarch64-rockchip-linux-gnu/sysroot/usr/lib/../lib64/crti.o /home/liangchuan/Development/rk3588/toolchain/gcc-buildroot-9.3.0-2020.03-x86_64_aarch64-rockchip-linux-gnu/bin/../lib/gcc/aarch64-rockchip-linux-gnu/9.3.0/crtbegin.o -L/home/liangchuan/Development/rk3588/toolchain/gcc-buildroot-9.3.0-2020.03-x86_64_aarch64-rockchip-linux-gnu/bin/../lib/gcc/aarch64-rockchip-linux-gnu/9.3.0 -L/home/liangchuan/Development/rk3588/toolchain/gcc-buildroot-9.3.0-2020.03-x86_64_aarch64-rockchip-linux-gnu/bin/../lib/gcc -L/home/liangchuan/Development/rk3588/toolchain/gcc-buildroot-9.3.0-2020.03-x86_64_aarch64-rockchip-linux-gnu/aarch64-rockchip-linux-gnu/sysroot/lib/../lib64 -L/home/liangchuan/Development/rk3588/toolchain/gcc-buildroot-9.3.0-2020.03-x86_64_aarch64-rockchip-linux-gnu/aarch64-rockchip-linux-gnu/sysroot/usr/lib/../lib64 -L/home/liangchuan/Development/rk3588/toolchain/gcc-buildroot-9.3.0-2020.03-x86_64_aarch64-rockchip-linux-gnu/aarch64-rockchip-linux-gnu/sysroot/lib -L/home/liangchuan/Development/rk3588/toolchain/gcc-buildroot-9.3.0-2020.03-x86_64_aarch64-rockchip-linux-gnu/aarch64-rockchip-linux-gnu/sysroot/usr/lib CMakeFiles/cmTC_61269.dir/CMakeCCompilerABI.c.o -lgcc --push-state --as-needed -lgcc_s --pop-state -lc -lgcc --push-state --as-needed -lgcc_s --pop-state /home/liangchuan/Development/rk3588/toolchain/gcc-buildroot-9.3.0-2020.03-x86_64_aarch64-rockchip-linux-gnu/bin/../lib/gcc/aarch64-rockchip-linux-gnu/9.3.0/crtend.o /home/liangchuan/Development/rk3588/toolchain/gcc-buildroot-9.3.0-2020.03-x86_64_aarch64-rockchip-linux-gnu/aarch64-rockchip-linux-gnu/sysroot/usr/lib/../lib64/crtn.o]
    arg [/home/liangchuan/Development/rk3588/toolchain/gcc-buildroot-9.3.0-2020.03-x86_64_aarch64-rockchip-linux-gnu/bin/../libexec/gcc/aarch64-rockchip-linux-gnu/9.3.0/collect2] ==> ignore
    arg [-plugin] ==> ignore
    arg [/home/liangchuan/Development/rk3588/toolchain/gcc-buildroot-9.3.0-2020.03-x86_64_aarch64-rockchip-linux-gnu/bin/../libexec/gcc/aarch64-rockchip-linux-gnu/9.3.0/liblto_plugin.so] ==> ignore
    arg [-plugin-opt=/home/liangchuan/Development/rk3588/toolchain/gcc-buildroot-9.3.0-2020.03-x86_64_aarch64-rockchip-linux-gnu/bin/../libexec/gcc/aarch64-rockchip-linux-gnu/9.3.0/lto-wrapper] ==> ignore
    arg [-plugin-opt=-fresolution=/tmp/ccHdmNbm.res] ==> ignore
    arg [-plugin-opt=-pass-through=-lgcc] ==> ignore
    arg [-plugin-opt=-pass-through=-lgcc_s] ==> ignore
    arg [-plugin-opt=-pass-through=-lc] ==> ignore
    arg [-plugin-opt=-pass-through=-lgcc] ==> ignore
    arg [-plugin-opt=-pass-through=-lgcc_s] ==> ignore
    arg [--sysroot=/home/liangchuan/Development/rk3588/toolchain/gcc-buildroot-9.3.0-2020.03-x86_64_aarch64-rockchip-linux-gnu/aarch64-rockchip-linux-gnu/sysroot] ==> ignore
    arg [--eh-frame-hdr] ==> ignore
    arg [-dynamic-linker] ==> ignore
    arg [/lib/ld-linux-aarch64.so.1] ==> ignore
    arg [-X] ==> ignore
    arg [-EL] ==> ignore
    arg [-maarch64linux] ==> ignore
    arg [-o] ==> ignore
    arg [cmTC_61269] ==> ignore
    arg [/home/liangchuan/Development/rk3588/toolchain/gcc-buildroot-9.3.0-2020.03-x86_64_aarch64-rockchip-linux-gnu/aarch64-rockchip-linux-gnu/sysroot/usr/lib/../lib64/crt1.o] ==> ignore
    arg [/home/liangchuan/Development/rk3588/toolchain/gcc-buildroot-9.3.0-2020.03-x86_64_aarch64-rockchip-linux-gnu/aarch64-rockchip-linux-gnu/sysroot/usr/lib/../lib64/crti.o] ==> ignore
    arg [/home/liangchuan/Development/rk3588/toolchain/gcc-buildroot-9.3.0-2020.03-x86_64_aarch64-rockchip-linux-gnu/bin/../lib/gcc/aarch64-rockchip-linux-gnu/9.3.0/crtbegin.o] ==> ignore
    arg [-L/home/liangchuan/Development/rk3588/toolchain/gcc-buildroot-9.3.0-2020.03-x86_64_aarch64-rockchip-linux-gnu/bin/../lib/gcc/aarch64-rockchip-linux-gnu/9.3.0] ==> dir [/home/liangchuan/Development/rk3588/toolchain/gcc-buildroot-9.3.0-2020.03-x86_64_aarch64-rockchip-linux-gnu/bin/../lib/gcc/aarch64-rockchip-linux-gnu/9.3.0]
    arg [-L/home/liangchuan/Development/rk3588/toolchain/gcc-buildroot-9.3.0-2020.03-x86_64_aarch64-rockchip-linux-gnu/bin/../lib/gcc] ==> dir [/home/liangchuan/Development/rk3588/toolchain/gcc-buildroot-9.3.0-2020.03-x86_64_aarch64-rockchip-linux-gnu/bin/../lib/gcc]
    arg [-L/home/liangchuan/Development/rk3588/toolchain/gcc-buildroot-9.3.0-2020.03-x86_64_aarch64-rockchip-linux-gnu/aarch64-rockchip-linux-gnu/sysroot/lib/../lib64] ==> dir [/home/liangchuan/Development/rk3588/toolchain/gcc-buildroot-9.3.0-2020.03-x86_64_aarch64-rockchip-linux-gnu/aarch64-rockchip-linux-gnu/sysroot/lib/../lib64]
    arg [-L/home/liangchuan/Development/rk3588/toolchain/gcc-buildroot-9.3.0-2020.03-x86_64_aarch64-rockchip-linux-gnu/aarch64-rockchip-linux-gnu/sysroot/usr/lib/../lib64] ==> dir [/home/liangchuan/Development/rk3588/toolchain/gcc-buildroot-9.3.0-2020.03-x86_64_aarch64-rockchip-linux-gnu/aarch64-rockchip-linux-gnu/sysroot/usr/lib/../lib64]
    arg [-L/home/liangchuan/Development/rk3588/toolchain/gcc-buildroot-9.3.0-2020.03-x86_64_aarch64-rockchip-linux-gnu/aarch64-rockchip-linux-gnu/sysroot/lib] ==> dir [/home/liangchuan/Development/rk3588/toolchain/gcc-buildroot-9.3.0-2020.03-x86_64_aarch64-rockchip-linux-gnu/aarch64-rockchip-linux-gnu/sysroot/lib]
    arg [-L/home/liangchuan/Development/rk3588/toolchain/gcc-buildroot-9.3.0-2020.03-x86_64_aarch64-rockchip-linux-gnu/aarch64-rockchip-linux-gnu/sysroot/usr/lib] ==> dir [/home/liangchuan/Development/rk3588/toolchain/gcc-buildroot-9.3.0-2020.03-x86_64_aarch64-rockchip-linux-gnu/aarch64-rockchip-linux-gnu/sysroot/usr/lib]
    arg [CMakeFiles/cmTC_61269.dir/CMakeCCompilerABI.c.o] ==> ignore
    arg [-lgcc] ==> lib [gcc]
    arg [--push-state] ==> ignore
    arg [--as-needed] ==> ignore
    arg [-lgcc_s] ==> lib [gcc_s]
    arg [--pop-state] ==> ignore
    arg [-lc] ==> lib [c]
    arg [-lgcc] ==> lib [gcc]
    arg [--push-state] ==> ignore
    arg [--as-needed] ==> ignore
    arg [-lgcc_s] ==> lib [gcc_s]
    arg [--pop-state] ==> ignore
    arg [/home/liangchuan/Development/rk3588/toolchain/gcc-buildroot-9.3.0-2020.03-x86_64_aarch64-rockchip-linux-gnu/bin/../lib/gcc/aarch64-rockchip-linux-gnu/9.3.0/crtend.o] ==> ignore
    arg [/home/liangchuan/Development/rk3588/toolchain/gcc-buildroot-9.3.0-2020.03-x86_64_aarch64-rockchip-linux-gnu/aarch64-rockchip-linux-gnu/sysroot/usr/lib/../lib64/crtn.o] ==> ignore
  collapse library dir [/home/liangchuan/Development/rk3588/toolchain/gcc-buildroot-9.3.0-2020.03-x86_64_aarch64-rockchip-linux-gnu/bin/../lib/gcc/aarch64-rockchip-linux-gnu/9.3.0] ==> [/home/liangchuan/Development/rk3588/toolchain/gcc-buildroot-9.3.0-2020.03-x86_64_aarch64-rockchip-linux-gnu/lib/gcc/aarch64-rockchip-linux-gnu/9.3.0]
  collapse library dir [/home/liangchuan/Development/rk3588/toolchain/gcc-buildroot-9.3.0-2020.03-x86_64_aarch64-rockchip-linux-gnu/bin/../lib/gcc] ==> [/home/liangchuan/Development/rk3588/toolchain/gcc-buildroot-9.3.0-2020.03-x86_64_aarch64-rockchip-linux-gnu/lib/gcc]
  collapse library dir [/home/liangchuan/Development/rk3588/toolchain/gcc-buildroot-9.3.0-2020.03-x86_64_aarch64-rockchip-linux-gnu/aarch64-rockchip-linux-gnu/sysroot/lib/../lib64] ==> [/home/liangchuan/Development/rk3588/toolchain/gcc-buildroot-9.3.0-2020.03-x86_64_aarch64-rockchip-linux-gnu/aarch64-rockchip-linux-gnu/sysroot/lib64]
  collapse library dir [/home/liangchuan/Development/rk3588/toolchain/gcc-buildroot-9.3.0-2020.03-x86_64_aarch64-rockchip-linux-gnu/aarch64-rockchip-linux-gnu/sysroot/usr/lib/../lib64] ==> [/home/liangchuan/Development/rk3588/toolchain/gcc-buildroot-9.3.0-2020.03-x86_64_aarch64-rockchip-linux-gnu/aarch64-rockchip-linux-gnu/sysroot/usr/lib64]
  collapse library dir [/home/liangchuan/Development/rk3588/toolchain/gcc-buildroot-9.3.0-2020.03-x86_64_aarch64-rockchip-linux-gnu/aarch64-rockchip-linux-gnu/sysroot/lib] ==> [/home/liangchuan/Development/rk3588/toolchain/gcc-buildroot-9.3.0-2020.03-x86_64_aarch64-rockchip-linux-gnu/aarch64-rockchip-linux-gnu/sysroot/lib]
  collapse library dir [/home/liangchuan/Development/rk3588/toolchain/gcc-buildroot-9.3.0-2020.03-x86_64_aarch64-rockchip-linux-gnu/aarch64-rockchip-linux-gnu/sysroot/usr/lib] ==> [/home/liangchuan/Development/rk3588/toolchain/gcc-buildroot-9.3.0-2020.03-x86_64_aarch64-rockchip-linux-gnu/aarch64-rockchip-linux-gnu/sysroot/usr/lib]
  implicit libs: [gcc;gcc_s;c;gcc;gcc_s]
  implicit dirs: [/home/liangchuan/Development/rk3588/toolchain/gcc-buildroot-9.3.0-2020.03-x86_64_aarch64-rockchip-linux-gnu/lib/gcc/aarch64-rockchip-linux-gnu/9.3.0;/home/liangchuan/Development/rk3588/toolchain/gcc-buildroot-9.3.0-2020.03-x86_64_aarch64-rockchip-linux-gnu/lib/gcc;/home/liangchuan/Development/rk3588/toolchain/gcc-buildroot-9.3.0-2020.03-x86_64_aarch64-rockchip-linux-gnu/aarch64-rockchip-linux-gnu/sysroot/lib64;/home/liangchuan/Development/rk3588/toolchain/gcc-buildroot-9.3.0-2020.03-x86_64_aarch64-rockchip-linux-gnu/aarch64-rockchip-linux-gnu/sysroot/usr/lib64;/home/liangchuan/Development/rk3588/toolchain/gcc-buildroot-9.3.0-2020.03-x86_64_aarch64-rockchip-linux-gnu/aarch64-rockchip-linux-gnu/sysroot/lib;/home/liangchuan/Development/rk3588/toolchain/gcc-buildroot-9.3.0-2020.03-x86_64_aarch64-rockchip-linux-gnu/aarch64-rockchip-linux-gnu/sysroot/usr/lib]
  implicit fwks: []


Determining if the CXX compiler works passed with the following output:
Change Dir: /home/liangchuan/Development/rk3588/rknpu2_1.4.0_20220909/examples/rknn_yolov5_demo/build/build_linux_aarch64/CMakeFiles/CMakeTmp

Run Build Command(s):/usr/bin/make cmTC_e1652/fast && /usr/bin/make -f CMakeFiles/cmTC_e1652.dir/build.make CMakeFiles/cmTC_e1652.dir/build
make[1]: Entering directory '/home/liangchuan/Development/rk3588/rknpu2_1.4.0_20220909/examples/rknn_yolov5_demo/build/build_linux_aarch64/CMakeFiles/CMakeTmp'
Building CXX object CMakeFiles/cmTC_e1652.dir/testCXXCompiler.cxx.o
/home/liangchuan/Development/rk3588/toolchain/gcc-buildroot-9.3.0-2020.03-x86_64_aarch64-rockchip-linux-gnu/bin/aarch64-rockchip-linux-gnu-g++     -o CMakeFiles/cmTC_e1652.dir/testCXXCompiler.cxx.o -c /home/liangchuan/Development/rk3588/rknpu2_1.4.0_20220909/examples/rknn_yolov5_demo/build/build_linux_aarch64/CMakeFiles/CMakeTmp/testCXXCompiler.cxx
Linking CXX executable cmTC_e1652
/usr/bin/cmake -E cmake_link_script CMakeFiles/cmTC_e1652.dir/link.txt --verbose=1
/home/liangchuan/Development/rk3588/toolchain/gcc-buildroot-9.3.0-2020.03-x86_64_aarch64-rockchip-linux-gnu/bin/aarch64-rockchip-linux-gnu-g++       CMakeFiles/cmTC_e1652.dir/testCXXCompiler.cxx.o  -o cmTC_e1652 
make[1]: Leaving directory '/home/liangchuan/Development/rk3588/rknpu2_1.4.0_20220909/examples/rknn_yolov5_demo/build/build_linux_aarch64/CMakeFiles/CMakeTmp'



Detecting CXX compiler ABI info compiled with the following output:
Change Dir: /home/liangchuan/Development/rk3588/rknpu2_1.4.0_20220909/examples/rknn_yolov5_demo/build/build_linux_aarch64/CMakeFiles/CMakeTmp

Run Build Command(s):/usr/bin/make cmTC_27a20/fast && /usr/bin/make -f CMakeFiles/cmTC_27a20.dir/build.make CMakeFiles/cmTC_27a20.dir/build
make[1]: Entering directory '/home/liangchuan/Development/rk3588/rknpu2_1.4.0_20220909/examples/rknn_yolov5_demo/build/build_linux_aarch64/CMakeFiles/CMakeTmp'
Building CXX object CMakeFiles/cmTC_27a20.dir/CMakeCXXCompilerABI.cpp.o
/home/liangchuan/Development/rk3588/toolchain/gcc-buildroot-9.3.0-2020.03-x86_64_aarch64-rockchip-linux-gnu/bin/aarch64-rockchip-linux-gnu-g++    -v -o CMakeFiles/cmTC_27a20.dir/CMakeCXXCompilerABI.cpp.o -c /usr/share/cmake-3.16/Modules/CMakeCXXCompilerABI.cpp
Using built-in specs.
COLLECT_GCC=/home/liangchuan/Development/rk3588/toolchain/gcc-buildroot-9.3.0-2020.03-x86_64_aarch64-rockchip-linux-gnu/bin/aarch64-rockchip-linux-gnu-g++.br_real
Target: aarch64-rockchip-linux-gnu
Configured with: ./configure --prefix=/home/yhx/RK356X/SDK/buildroot/output/rockchip_toolchain/host --sysconfdir=/home/yhx/RK356X/SDK/buildroot/output/rockchip_toolchain/host/etc --enable-static --target=aarch64-rockchip-linux-gnu --with-sysroot=/home/yhx/RK356X/SDK/buildroot/output/rockchip_toolchain/host/aarch64-rockchip-linux-gnu/sysroot --enable-__cxa_atexit --with-gnu-ld --disable-libssp --disable-multilib --disable-decimal-float --with-gmp=/home/yhx/RK356X/SDK/buildroot/output/rockchip_toolchain/host --with-mpc=/home/yhx/RK356X/SDK/buildroot/output/rockchip_toolchain/host --with-mpfr=/home/yhx/RK356X/SDK/buildroot/output/rockchip_toolchain/host --with-pkgversion='Buildroot 2018.02-rc3-g548dfbfc13-dirty' --with-bugurl=http://bugs.buildroot.net/ --disable-libquadmath --enable-tls --enable-plugins --enable-lto --enable-threads --with-isl=/home/yhx/RK356X/SDK/buildroot/output/rockchip_toolchain/host --with-abi=lp64 --with-cpu=cortex-a55 --enable-languages=c,c++ --with-build-time-tools=/home/yhx/RK356X/SDK/buildroot/output/rockchip_toolchain/host/aarch64-rockchip-linux-gnu/bin --enable-shared --enable-libgomp
Thread model: posix
gcc version 9.3.0 (Buildroot 2018.02-rc3-g548dfbfc13-dirty) 
COLLECT_GCC_OPTIONS='-v' '-o' 'CMakeFiles/cmTC_27a20.dir/CMakeCXXCompilerABI.cpp.o' '-c' '-shared-libgcc' '-mcpu=cortex-a55' '-mlittle-endian' '-mabi=lp64'
 /home/liangchuan/Development/rk3588/toolchain/gcc-buildroot-9.3.0-2020.03-x86_64_aarch64-rockchip-linux-gnu/bin/../libexec/gcc/aarch64-rockchip-linux-gnu/9.3.0/cc1plus -quiet -v -iprefix /home/liangchuan/Development/rk3588/toolchain/gcc-buildroot-9.3.0-2020.03-x86_64_aarch64-rockchip-linux-gnu/bin/../lib/gcc/aarch64-rockchip-linux-gnu/9.3.0/ -isysroot /home/liangchuan/Development/rk3588/toolchain/gcc-buildroot-9.3.0-2020.03-x86_64_aarch64-rockchip-linux-gnu/aarch64-rockchip-linux-gnu/sysroot -D_GNU_SOURCE /usr/share/cmake-3.16/Modules/CMakeCXXCompilerABI.cpp -quiet -dumpbase CMakeCXXCompilerABI.cpp -mcpu=cortex-a55 -mlittle-endian -mabi=lp64 -auxbase-strip CMakeFiles/cmTC_27a20.dir/CMakeCXXCompilerABI.cpp.o -version -o /tmp/ccQlrTlR.s
GNU C++14 (Buildroot 2018.02-rc3-g548dfbfc13-dirty) version 9.3.0 (aarch64-rockchip-linux-gnu)
	compiled by GNU C version 5.4.0 20160609, GMP version 6.1.2, MPFR version 3.1.6, MPC version 1.0.3, isl version isl-0.18-GMP

GGC heuristics: --param ggc-min-expand=100 --param ggc-min-heapsize=131072
ignoring duplicate directory "/home/liangchuan/Development/rk3588/toolchain/gcc-buildroot-9.3.0-2020.03-x86_64_aarch64-rockchip-linux-gnu/bin/../lib/gcc/../../lib/gcc/aarch64-rockchip-linux-gnu/9.3.0/../../../../aarch64-rockchip-linux-gnu/include/c++/9.3.0"
ignoring duplicate directory "/home/liangchuan/Development/rk3588/toolchain/gcc-buildroot-9.3.0-2020.03-x86_64_aarch64-rockchip-linux-gnu/bin/../lib/gcc/../../lib/gcc/aarch64-rockchip-linux-gnu/9.3.0/../../../../aarch64-rockchip-linux-gnu/include/c++/9.3.0/aarch64-rockchip-linux-gnu"
ignoring duplicate directory "/home/liangchuan/Development/rk3588/toolchain/gcc-buildroot-9.3.0-2020.03-x86_64_aarch64-rockchip-linux-gnu/bin/../lib/gcc/../../lib/gcc/aarch64-rockchip-linux-gnu/9.3.0/../../../../aarch64-rockchip-linux-gnu/include/c++/9.3.0/backward"
ignoring duplicate directory "/home/liangchuan/Development/rk3588/toolchain/gcc-buildroot-9.3.0-2020.03-x86_64_aarch64-rockchip-linux-gnu/bin/../lib/gcc/../../lib/gcc/aarch64-rockchip-linux-gnu/9.3.0/include"
ignoring nonexistent directory "/home/liangchuan/Development/rk3588/toolchain/gcc-buildroot-9.3.0-2020.03-x86_64_aarch64-rockchip-linux-gnu/aarch64-rockchip-linux-gnu/sysroot/usr/local/include"
ignoring duplicate directory "/home/liangchuan/Development/rk3588/toolchain/gcc-buildroot-9.3.0-2020.03-x86_64_aarch64-rockchip-linux-gnu/bin/../lib/gcc/../../lib/gcc/aarch64-rockchip-linux-gnu/9.3.0/include-fixed"
ignoring duplicate directory "/home/liangchuan/Development/rk3588/toolchain/gcc-buildroot-9.3.0-2020.03-x86_64_aarch64-rockchip-linux-gnu/bin/../lib/gcc/../../lib/gcc/aarch64-rockchip-linux-gnu/9.3.0/../../../../aarch64-rockchip-linux-gnu/include"
#include "..." search starts here:
#include <...> search starts here:
 /home/liangchuan/Development/rk3588/toolchain/gcc-buildroot-9.3.0-2020.03-x86_64_aarch64-rockchip-linux-gnu/bin/../lib/gcc/aarch64-rockchip-linux-gnu/9.3.0/../../../../aarch64-rockchip-linux-gnu/include/c++/9.3.0
 /home/liangchuan/Development/rk3588/toolchain/gcc-buildroot-9.3.0-2020.03-x86_64_aarch64-rockchip-linux-gnu/bin/../lib/gcc/aarch64-rockchip-linux-gnu/9.3.0/../../../../aarch64-rockchip-linux-gnu/include/c++/9.3.0/aarch64-rockchip-linux-gnu
 /home/liangchuan/Development/rk3588/toolchain/gcc-buildroot-9.3.0-2020.03-x86_64_aarch64-rockchip-linux-gnu/bin/../lib/gcc/aarch64-rockchip-linux-gnu/9.3.0/../../../../aarch64-rockchip-linux-gnu/include/c++/9.3.0/backward
 /home/liangchuan/Development/rk3588/toolchain/gcc-buildroot-9.3.0-2020.03-x86_64_aarch64-rockchip-linux-gnu/bin/../lib/gcc/aarch64-rockchip-linux-gnu/9.3.0/include
 /home/liangchuan/Development/rk3588/toolchain/gcc-buildroot-9.3.0-2020.03-x86_64_aarch64-rockchip-linux-gnu/bin/../lib/gcc/aarch64-rockchip-linux-gnu/9.3.0/include-fixed
 /home/liangchuan/Development/rk3588/toolchain/gcc-buildroot-9.3.0-2020.03-x86_64_aarch64-rockchip-linux-gnu/bin/../lib/gcc/aarch64-rockchip-linux-gnu/9.3.0/../../../../aarch64-rockchip-linux-gnu/include
 /home/liangchuan/Development/rk3588/toolchain/gcc-buildroot-9.3.0-2020.03-x86_64_aarch64-rockchip-linux-gnu/aarch64-rockchip-linux-gnu/sysroot/usr/include
End of search list.
GNU C++14 (Buildroot 2018.02-rc3-g548dfbfc13-dirty) version 9.3.0 (aarch64-rockchip-linux-gnu)
	compiled by GNU C version 5.4.0 20160609, GMP version 6.1.2, MPFR version 3.1.6, MPC version 1.0.3, isl version isl-0.18-GMP

GGC heuristics: --param ggc-min-expand=100 --param ggc-min-heapsize=131072
Compiler executable checksum: ea565a4b60596e91fe1710be551766c1
COLLECT_GCC_OPTIONS='-v' '-o' 'CMakeFiles/cmTC_27a20.dir/CMakeCXXCompilerABI.cpp.o' '-c' '-shared-libgcc' '-mcpu=cortex-a55' '-mlittle-endian' '-mabi=lp64'
 /home/liangchuan/Development/rk3588/toolchain/gcc-buildroot-9.3.0-2020.03-x86_64_aarch64-rockchip-linux-gnu/bin/../lib/gcc/aarch64-rockchip-linux-gnu/9.3.0/../../../../aarch64-rockchip-linux-gnu/bin/as -v -EL -march=armv8.2-a+fp16+rcpc+dotprod -mabi=lp64 -o CMakeFiles/cmTC_27a20.dir/CMakeCXXCompilerABI.cpp.o /tmp/ccQlrTlR.s
GNU assembler version 2.29.1 (aarch64-rockchip-linux-gnu) using BFD version (GNU Binutils) 2.29.1
COMPILER_PATH=/home/liangchuan/Development/rk3588/toolchain/gcc-buildroot-9.3.0-2020.03-x86_64_aarch64-rockchip-linux-gnu/bin/../libexec/gcc/aarch64-rockchip-linux-gnu/9.3.0/:/home/liangchuan/Development/rk3588/toolchain/gcc-buildroot-9.3.0-2020.03-x86_64_aarch64-rockchip-linux-gnu/bin/../libexec/gcc/:/home/liangchuan/Development/rk3588/toolchain/gcc-buildroot-9.3.0-2020.03-x86_64_aarch64-rockchip-linux-gnu/bin/../lib/gcc/aarch64-rockchip-linux-gnu/9.3.0/../../../../aarch64-rockchip-linux-gnu/bin/
LIBRARY_PATH=/home/liangchuan/Development/rk3588/toolchain/gcc-buildroot-9.3.0-2020.03-x86_64_aarch64-rockchip-linux-gnu/bin/../lib/gcc/aarch64-rockchip-linux-gnu/9.3.0/:/home/liangchuan/Development/rk3588/toolchain/gcc-buildroot-9.3.0-2020.03-x86_64_aarch64-rockchip-linux-gnu/bin/../lib/gcc/:/home/liangchuan/Development/rk3588/toolchain/gcc-buildroot-9.3.0-2020.03-x86_64_aarch64-rockchip-linux-gnu/aarch64-rockchip-linux-gnu/sysroot/lib/../lib64/:/home/liangchuan/Development/rk3588/toolchain/gcc-buildroot-9.3.0-2020.03-x86_64_aarch64-rockchip-linux-gnu/aarch64-rockchip-linux-gnu/sysroot/usr/lib/../lib64/:/home/liangchuan/Development/rk3588/toolchain/gcc-buildroot-9.3.0-2020.03-x86_64_aarch64-rockchip-linux-gnu/aarch64-rockchip-linux-gnu/sysroot/lib/:/home/liangchuan/Development/rk3588/toolchain/gcc-buildroot-9.3.0-2020.03-x86_64_aarch64-rockchip-linux-gnu/aarch64-rockchip-linux-gnu/sysroot/usr/lib/
COLLECT_GCC_OPTIONS='-v' '-o' 'CMakeFiles/cmTC_27a20.dir/CMakeCXXCompilerABI.cpp.o' '-c' '-shared-libgcc' '-mcpu=cortex-a55' '-mlittle-endian' '-mabi=lp64'
Linking CXX executable cmTC_27a20
/usr/bin/cmake -E cmake_link_script CMakeFiles/cmTC_27a20.dir/link.txt --verbose=1
/home/liangchuan/Development/rk3588/toolchain/gcc-buildroot-9.3.0-2020.03-x86_64_aarch64-rockchip-linux-gnu/bin/aarch64-rockchip-linux-gnu-g++      -v CMakeFiles/cmTC_27a20.dir/CMakeCXXCompilerABI.cpp.o  -o cmTC_27a20 
Using built-in specs.
COLLECT_GCC=/home/liangchuan/Development/rk3588/toolchain/gcc-buildroot-9.3.0-2020.03-x86_64_aarch64-rockchip-linux-gnu/bin/aarch64-rockchip-linux-gnu-g++.br_real
COLLECT_LTO_WRAPPER=/home/liangchuan/Development/rk3588/toolchain/gcc-buildroot-9.3.0-2020.03-x86_64_aarch64-rockchip-linux-gnu/bin/../libexec/gcc/aarch64-rockchip-linux-gnu/9.3.0/lto-wrapper
Target: aarch64-rockchip-linux-gnu
Configured with: ./configure --prefix=/home/yhx/RK356X/SDK/buildroot/output/rockchip_toolchain/host --sysconfdir=/home/yhx/RK356X/SDK/buildroot/output/rockchip_toolchain/host/etc --enable-static --target=aarch64-rockchip-linux-gnu --with-sysroot=/home/yhx/RK356X/SDK/buildroot/output/rockchip_toolchain/host/aarch64-rockchip-linux-gnu/sysroot --enable-__cxa_atexit --with-gnu-ld --disable-libssp --disable-multilib --disable-decimal-float --with-gmp=/home/yhx/RK356X/SDK/buildroot/output/rockchip_toolchain/host --with-mpc=/home/yhx/RK356X/SDK/buildroot/output/rockchip_toolchain/host --with-mpfr=/home/yhx/RK356X/SDK/buildroot/output/rockchip_toolchain/host --with-pkgversion='Buildroot 2018.02-rc3-g548dfbfc13-dirty' --with-bugurl=http://bugs.buildroot.net/ --disable-libquadmath --enable-tls --enable-plugins --enable-lto --enable-threads --with-isl=/home/yhx/RK356X/SDK/buildroot/output/rockchip_toolchain/host --with-abi=lp64 --with-cpu=cortex-a55 --enable-languages=c,c++ --with-build-time-tools=/home/yhx/RK356X/SDK/buildroot/output/rockchip_toolchain/host/aarch64-rockchip-linux-gnu/bin --enable-shared --enable-libgomp
Thread model: posix
gcc version 9.3.0 (Buildroot 2018.02-rc3-g548dfbfc13-dirty) 
COMPILER_PATH=/home/liangchuan/Development/rk3588/toolchain/gcc-buildroot-9.3.0-2020.03-x86_64_aarch64-rockchip-linux-gnu/bin/../libexec/gcc/aarch64-rockchip-linux-gnu/9.3.0/:/home/liangchuan/Development/rk3588/toolchain/gcc-buildroot-9.3.0-2020.03-x86_64_aarch64-rockchip-linux-gnu/bin/../libexec/gcc/:/home/liangchuan/Development/rk3588/toolchain/gcc-buildroot-9.3.0-2020.03-x86_64_aarch64-rockchip-linux-gnu/bin/../lib/gcc/aarch64-rockchip-linux-gnu/9.3.0/../../../../aarch64-rockchip-linux-gnu/bin/
LIBRARY_PATH=/home/liangchuan/Development/rk3588/toolchain/gcc-buildroot-9.3.0-2020.03-x86_64_aarch64-rockchip-linux-gnu/bin/../lib/gcc/aarch64-rockchip-linux-gnu/9.3.0/:/home/liangchuan/Development/rk3588/toolchain/gcc-buildroot-9.3.0-2020.03-x86_64_aarch64-rockchip-linux-gnu/bin/../lib/gcc/:/home/liangchuan/Development/rk3588/toolchain/gcc-buildroot-9.3.0-2020.03-x86_64_aarch64-rockchip-linux-gnu/aarch64-rockchip-linux-gnu/sysroot/lib/../lib64/:/home/liangchuan/Development/rk3588/toolchain/gcc-buildroot-9.3.0-2020.03-x86_64_aarch64-rockchip-linux-gnu/aarch64-rockchip-linux-gnu/sysroot/usr/lib/../lib64/:/home/liangchuan/Development/rk3588/toolchain/gcc-buildroot-9.3.0-2020.03-x86_64_aarch64-rockchip-linux-gnu/aarch64-rockchip-linux-gnu/sysroot/lib/:/home/liangchuan/Development/rk3588/toolchain/gcc-buildroot-9.3.0-2020.03-x86_64_aarch64-rockchip-linux-gnu/aarch64-rockchip-linux-gnu/sysroot/usr/lib/
COLLECT_GCC_OPTIONS='-v' '-o' 'cmTC_27a20' '-shared-libgcc' '-mcpu=cortex-a55' '-mlittle-endian' '-mabi=lp64'
 /home/liangchuan/Development/rk3588/toolchain/gcc-buildroot-9.3.0-2020.03-x86_64_aarch64-rockchip-linux-gnu/bin/../libexec/gcc/aarch64-rockchip-linux-gnu/9.3.0/collect2 -plugin /home/liangchuan/Development/rk3588/toolchain/gcc-buildroot-9.3.0-2020.03-x86_64_aarch64-rockchip-linux-gnu/bin/../libexec/gcc/aarch64-rockchip-linux-gnu/9.3.0/liblto_plugin.so -plugin-opt=/home/liangchuan/Development/rk3588/toolchain/gcc-buildroot-9.3.0-2020.03-x86_64_aarch64-rockchip-linux-gnu/bin/../libexec/gcc/aarch64-rockchip-linux-gnu/9.3.0/lto-wrapper -plugin-opt=-fresolution=/tmp/ccpvPp7i.res -plugin-opt=-pass-through=-lgcc_s -plugin-opt=-pass-through=-lgcc -plugin-opt=-pass-through=-lc -plugin-opt=-pass-through=-lgcc_s -plugin-opt=-pass-through=-lgcc --sysroot=/home/liangchuan/Development/rk3588/toolchain/gcc-buildroot-9.3.0-2020.03-x86_64_aarch64-rockchip-linux-gnu/aarch64-rockchip-linux-gnu/sysroot --eh-frame-hdr -dynamic-linker /lib/ld-linux-aarch64.so.1 -X -EL -maarch64linux -o cmTC_27a20 /home/liangchuan/Development/rk3588/toolchain/gcc-buildroot-9.3.0-2020.03-x86_64_aarch64-rockchip-linux-gnu/aarch64-rockchip-linux-gnu/sysroot/usr/lib/../lib64/crt1.o /home/liangchuan/Development/rk3588/toolchain/gcc-buildroot-9.3.0-2020.03-x86_64_aarch64-rockchip-linux-gnu/aarch64-rockchip-linux-gnu/sysroot/usr/lib/../lib64/crti.o /home/liangchuan/Development/rk3588/toolchain/gcc-buildroot-9.3.0-2020.03-x86_64_aarch64-rockchip-linux-gnu/bin/../lib/gcc/aarch64-rockchip-linux-gnu/9.3.0/crtbegin.o -L/home/liangchuan/Development/rk3588/toolchain/gcc-buildroot-9.3.0-2020.03-x86_64_aarch64-rockchip-linux-gnu/bin/../lib/gcc/aarch64-rockchip-linux-gnu/9.3.0 -L/home/liangchuan/Development/rk3588/toolchain/gcc-buildroot-9.3.0-2020.03-x86_64_aarch64-rockchip-linux-gnu/bin/../lib/gcc -L/home/liangchuan/Development/rk3588/toolchain/gcc-buildroot-9.3.0-2020.03-x86_64_aarch64-rockchip-linux-gnu/aarch64-rockchip-linux-gnu/sysroot/lib/../lib64 -L/home/liangchuan/Development/rk3588/toolchain/gcc-buildroot-9.3.0-2020.03-x86_64_aarch64-rockchip-linux-gnu/aarch64-rockchip-linux-gnu/sysroot/usr/lib/../lib64 -L/home/liangchuan/Development/rk3588/toolchain/gcc-buildroot-9.3.0-2020.03-x86_64_aarch64-rockchip-linux-gnu/aarch64-rockchip-linux-gnu/sysroot/lib -L/home/liangchuan/Development/rk3588/toolchain/gcc-buildroot-9.3.0-2020.03-x86_64_aarch64-rockchip-linux-gnu/aarch64-rockchip-linux-gnu/sysroot/usr/lib CMakeFiles/cmTC_27a20.dir/CMakeCXXCompilerABI.cpp.o -lstdc++ -lm -lgcc_s -lgcc -lc -lgcc_s -lgcc /home/liangchuan/Development/rk3588/toolchain/gcc-buildroot-9.3.0-2020.03-x86_64_aarch64-rockchip-linux-gnu/bin/../lib/gcc/aarch64-rockchip-linux-gnu/9.3.0/crtend.o /home/liangchuan/Development/rk3588/toolchain/gcc-buildroot-9.3.0-2020.03-x86_64_aarch64-rockchip-linux-gnu/aarch64-rockchip-linux-gnu/sysroot/usr/lib/../lib64/crtn.o
COLLECT_GCC_OPTIONS='-v' '-o' 'cmTC_27a20' '-shared-libgcc' '-mcpu=cortex-a55' '-mlittle-endian' '-mabi=lp64'
make[1]: Leaving directory '/home/liangchuan/Development/rk3588/rknpu2_1.4.0_20220909/examples/rknn_yolov5_demo/build/build_linux_aarch64/CMakeFiles/CMakeTmp'



Parsed CXX implicit include dir info from above output: rv=done
  found start of include info
  found start of implicit include info
    add: [/home/liangchuan/Development/rk3588/toolchain/gcc-buildroot-9.3.0-2020.03-x86_64_aarch64-rockchip-linux-gnu/bin/../lib/gcc/aarch64-rockchip-linux-gnu/9.3.0/../../../../aarch64-rockchip-linux-gnu/include/c++/9.3.0]
    add: [/home/liangchuan/Development/rk3588/toolchain/gcc-buildroot-9.3.0-2020.03-x86_64_aarch64-rockchip-linux-gnu/bin/../lib/gcc/aarch64-rockchip-linux-gnu/9.3.0/../../../../aarch64-rockchip-linux-gnu/include/c++/9.3.0/aarch64-rockchip-linux-gnu]
    add: [/home/liangchuan/Development/rk3588/toolchain/gcc-buildroot-9.3.0-2020.03-x86_64_aarch64-rockchip-linux-gnu/bin/../lib/gcc/aarch64-rockchip-linux-gnu/9.3.0/../../../../aarch64-rockchip-linux-gnu/include/c++/9.3.0/backward]
    add: [/home/liangchuan/Development/rk3588/toolchain/gcc-buildroot-9.3.0-2020.03-x86_64_aarch64-rockchip-linux-gnu/bin/../lib/gcc/aarch64-rockchip-linux-gnu/9.3.0/include]
    add: [/home/liangchuan/Development/rk3588/toolchain/gcc-buildroot-9.3.0-2020.03-x86_64_aarch64-rockchip-linux-gnu/bin/../lib/gcc/aarch64-rockchip-linux-gnu/9.3.0/include-fixed]
    add: [/home/liangchuan/Development/rk3588/toolchain/gcc-buildroot-9.3.0-2020.03-x86_64_aarch64-rockchip-linux-gnu/bin/../lib/gcc/aarch64-rockchip-linux-gnu/9.3.0/../../../../aarch64-rockchip-linux-gnu/include]
    add: [/home/liangchuan/Development/rk3588/toolchain/gcc-buildroot-9.3.0-2020.03-x86_64_aarch64-rockchip-linux-gnu/aarch64-rockchip-linux-gnu/sysroot/usr/include]
  end of search list found
  collapse include dir [/home/liangchuan/Development/rk3588/toolchain/gcc-buildroot-9.3.0-2020.03-x86_64_aarch64-rockchip-linux-gnu/bin/../lib/gcc/aarch64-rockchip-linux-gnu/9.3.0/../../../../aarch64-rockchip-linux-gnu/include/c++/9.3.0] ==> [/home/liangchuan/Development/rk3588/toolchain/gcc-buildroot-9.3.0-2020.03-x86_64_aarch64-rockchip-linux-gnu/aarch64-rockchip-linux-gnu/include/c++/9.3.0]
  collapse include dir [/home/liangchuan/Development/rk3588/toolchain/gcc-buildroot-9.3.0-2020.03-x86_64_aarch64-rockchip-linux-gnu/bin/../lib/gcc/aarch64-rockchip-linux-gnu/9.3.0/../../../../aarch64-rockchip-linux-gnu/include/c++/9.3.0/aarch64-rockchip-linux-gnu] ==> [/home/liangchuan/Development/rk3588/toolchain/gcc-buildroot-9.3.0-2020.03-x86_64_aarch64-rockchip-linux-gnu/aarch64-rockchip-linux-gnu/include/c++/9.3.0/aarch64-rockchip-linux-gnu]
  collapse include dir [/home/liangchuan/Development/rk3588/toolchain/gcc-buildroot-9.3.0-2020.03-x86_64_aarch64-rockchip-linux-gnu/bin/../lib/gcc/aarch64-rockchip-linux-gnu/9.3.0/../../../../aarch64-rockchip-linux-gnu/include/c++/9.3.0/backward] ==> [/home/liangchuan/Development/rk3588/toolchain/gcc-buildroot-9.3.0-2020.03-x86_64_aarch64-rockchip-linux-gnu/aarch64-rockchip-linux-gnu/include/c++/9.3.0/backward]
  collapse include dir [/home/liangchuan/Development/rk3588/toolchain/gcc-buildroot-9.3.0-2020.03-x86_64_aarch64-rockchip-linux-gnu/bin/../lib/gcc/aarch64-rockchip-linux-gnu/9.3.0/include] ==> [/home/liangchuan/Development/rk3588/toolchain/gcc-buildroot-9.3.0-2020.03-x86_64_aarch64-rockchip-linux-gnu/lib/gcc/aarch64-rockchip-linux-gnu/9.3.0/include]
  collapse include dir [/home/liangchuan/Development/rk3588/toolchain/gcc-buildroot-9.3.0-2020.03-x86_64_aarch64-rockchip-linux-gnu/bin/../lib/gcc/aarch64-rockchip-linux-gnu/9.3.0/include-fixed] ==> [/home/liangchuan/Development/rk3588/toolchain/gcc-buildroot-9.3.0-2020.03-x86_64_aarch64-rockchip-linux-gnu/lib/gcc/aarch64-rockchip-linux-gnu/9.3.0/include-fixed]
  collapse include dir [/home/liangchuan/Development/rk3588/toolchain/gcc-buildroot-9.3.0-2020.03-x86_64_aarch64-rockchip-linux-gnu/bin/../lib/gcc/aarch64-rockchip-linux-gnu/9.3.0/../../../../aarch64-rockchip-linux-gnu/include] ==> [/home/liangchuan/Development/rk3588/toolchain/gcc-buildroot-9.3.0-2020.03-x86_64_aarch64-rockchip-linux-gnu/aarch64-rockchip-linux-gnu/include]
  collapse include dir [/home/liangchuan/Development/rk3588/toolchain/gcc-buildroot-9.3.0-2020.03-x86_64_aarch64-rockchip-linux-gnu/aarch64-rockchip-linux-gnu/sysroot/usr/include] ==> [/home/liangchuan/Development/rk3588/toolchain/gcc-buildroot-9.3.0-2020.03-x86_64_aarch64-rockchip-linux-gnu/aarch64-rockchip-linux-gnu/sysroot/usr/include]
  implicit include dirs: [/home/liangchuan/Development/rk3588/toolchain/gcc-buildroot-9.3.0-2020.03-x86_64_aarch64-rockchip-linux-gnu/aarch64-rockchip-linux-gnu/include/c++/9.3.0;/home/liangchuan/Development/rk3588/toolchain/gcc-buildroot-9.3.0-2020.03-x86_64_aarch64-rockchip-linux-gnu/aarch64-rockchip-linux-gnu/include/c++/9.3.0/aarch64-rockchip-linux-gnu;/home/liangchuan/Development/rk3588/toolchain/gcc-buildroot-9.3.0-2020.03-x86_64_aarch64-rockchip-linux-gnu/aarch64-rockchip-linux-gnu/include/c++/9.3.0/backward;/home/liangchuan/Development/rk3588/toolchain/gcc-buildroot-9.3.0-2020.03-x86_64_aarch64-rockchip-linux-gnu/lib/gcc/aarch64-rockchip-linux-gnu/9.3.0/include;/home/liangchuan/Development/rk3588/toolchain/gcc-buildroot-9.3.0-2020.03-x86_64_aarch64-rockchip-linux-gnu/lib/gcc/aarch64-rockchip-linux-gnu/9.3.0/include-fixed;/home/liangchuan/Development/rk3588/toolchain/gcc-buildroot-9.3.0-2020.03-x86_64_aarch64-rockchip-linux-gnu/aarch64-rockchip-linux-gnu/include;/home/liangchuan/Development/rk3588/toolchain/gcc-buildroot-9.3.0-2020.03-x86_64_aarch64-rockchip-linux-gnu/aarch64-rockchip-linux-gnu/sysroot/usr/include]


Parsed CXX implicit link information from above output:
  link line regex: [^( *|.*[/\])(aarch64-rockchip-linux-gnu-ld|CMAKE_LINK_STARTFILE-NOTFOUND|([^/\]+-)?ld|collect2)[^/\]*( |$)]
  ignore line: [Change Dir: /home/liangchuan/Development/rk3588/rknpu2_1.4.0_20220909/examples/rknn_yolov5_demo/build/build_linux_aarch64/CMakeFiles/CMakeTmp]
  ignore line: []
  ignore line: [Run Build Command(s):/usr/bin/make cmTC_27a20/fast && /usr/bin/make -f CMakeFiles/cmTC_27a20.dir/build.make CMakeFiles/cmTC_27a20.dir/build]
  ignore line: [make[1]: Entering directory '/home/liangchuan/Development/rk3588/rknpu2_1.4.0_20220909/examples/rknn_yolov5_demo/build/build_linux_aarch64/CMakeFiles/CMakeTmp']
  ignore line: [Building CXX object CMakeFiles/cmTC_27a20.dir/CMakeCXXCompilerABI.cpp.o]
  ignore line: [/home/liangchuan/Development/rk3588/toolchain/gcc-buildroot-9.3.0-2020.03-x86_64_aarch64-rockchip-linux-gnu/bin/aarch64-rockchip-linux-gnu-g++    -v -o CMakeFiles/cmTC_27a20.dir/CMakeCXXCompilerABI.cpp.o -c /usr/share/cmake-3.16/Modules/CMakeCXXCompilerABI.cpp]
  ignore line: [Using built-in specs.]
  ignore line: [COLLECT_GCC=/home/liangchuan/Development/rk3588/toolchain/gcc-buildroot-9.3.0-2020.03-x86_64_aarch64-rockchip-linux-gnu/bin/aarch64-rockchip-linux-gnu-g++.br_real]
  ignore line: [Target: aarch64-rockchip-linux-gnu]
  ignore line: [Configured with: ./configure --prefix=/home/yhx/RK356X/SDK/buildroot/output/rockchip_toolchain/host --sysconfdir=/home/yhx/RK356X/SDK/buildroot/output/rockchip_toolchain/host/etc --enable-static --target=aarch64-rockchip-linux-gnu --with-sysroot=/home/yhx/RK356X/SDK/buildroot/output/rockchip_toolchain/host/aarch64-rockchip-linux-gnu/sysroot --enable-__cxa_atexit --with-gnu-ld --disable-libssp --disable-multilib --disable-decimal-float --with-gmp=/home/yhx/RK356X/SDK/buildroot/output/rockchip_toolchain/host --with-mpc=/home/yhx/RK356X/SDK/buildroot/output/rockchip_toolchain/host --with-mpfr=/home/yhx/RK356X/SDK/buildroot/output/rockchip_toolchain/host --with-pkgversion='Buildroot 2018.02-rc3-g548dfbfc13-dirty' --with-bugurl=http://bugs.buildroot.net/ --disable-libquadmath --enable-tls --enable-plugins --enable-lto --enable-threads --with-isl=/home/yhx/RK356X/SDK/buildroot/output/rockchip_toolchain/host --with-abi=lp64 --with-cpu=cortex-a55 --enable-languages=c,c++ --with-build-time-tools=/home/yhx/RK356X/SDK/buildroot/output/rockchip_toolchain/host/aarch64-rockchip-linux-gnu/bin --enable-shared --enable-libgomp]
  ignore line: [Thread model: posix]
  ignore line: [gcc version 9.3.0 (Buildroot 2018.02-rc3-g548dfbfc13-dirty) ]
  ignore line: [COLLECT_GCC_OPTIONS='-v' '-o' 'CMakeFiles/cmTC_27a20.dir/CMakeCXXCompilerABI.cpp.o' '-c' '-shared-libgcc' '-mcpu=cortex-a55' '-mlittle-endian' '-mabi=lp64']
  ignore line: [ /home/liangchuan/Development/rk3588/toolchain/gcc-buildroot-9.3.0-2020.03-x86_64_aarch64-rockchip-linux-gnu/bin/../libexec/gcc/aarch64-rockchip-linux-gnu/9.3.0/cc1plus -quiet -v -iprefix /home/liangchuan/Development/rk3588/toolchain/gcc-buildroot-9.3.0-2020.03-x86_64_aarch64-rockchip-linux-gnu/bin/../lib/gcc/aarch64-rockchip-linux-gnu/9.3.0/ -isysroot /home/liangchuan/Development/rk3588/toolchain/gcc-buildroot-9.3.0-2020.03-x86_64_aarch64-rockchip-linux-gnu/aarch64-rockchip-linux-gnu/sysroot -D_GNU_SOURCE /usr/share/cmake-3.16/Modules/CMakeCXXCompilerABI.cpp -quiet -dumpbase CMakeCXXCompilerABI.cpp -mcpu=cortex-a55 -mlittle-endian -mabi=lp64 -auxbase-strip CMakeFiles/cmTC_27a20.dir/CMakeCXXCompilerABI.cpp.o -version -o /tmp/ccQlrTlR.s]
  ignore line: [GNU C++14 (Buildroot 2018.02-rc3-g548dfbfc13-dirty) version 9.3.0 (aarch64-rockchip-linux-gnu)]
  ignore line: [	compiled by GNU C version 5.4.0 20160609  GMP version 6.1.2  MPFR version 3.1.6  MPC version 1.0.3  isl version isl-0.18-GMP]
  ignore line: []
  ignore line: [GGC heuristics: --param ggc-min-expand=100 --param ggc-min-heapsize=131072]
  ignore line: [ignoring duplicate directory "/home/liangchuan/Development/rk3588/toolchain/gcc-buildroot-9.3.0-2020.03-x86_64_aarch64-rockchip-linux-gnu/bin/../lib/gcc/../../lib/gcc/aarch64-rockchip-linux-gnu/9.3.0/../../../../aarch64-rockchip-linux-gnu/include/c++/9.3.0"]
  ignore line: [ignoring duplicate directory "/home/liangchuan/Development/rk3588/toolchain/gcc-buildroot-9.3.0-2020.03-x86_64_aarch64-rockchip-linux-gnu/bin/../lib/gcc/../../lib/gcc/aarch64-rockchip-linux-gnu/9.3.0/../../../../aarch64-rockchip-linux-gnu/include/c++/9.3.0/aarch64-rockchip-linux-gnu"]
  ignore line: [ignoring duplicate directory "/home/liangchuan/Development/rk3588/toolchain/gcc-buildroot-9.3.0-2020.03-x86_64_aarch64-rockchip-linux-gnu/bin/../lib/gcc/../../lib/gcc/aarch64-rockchip-linux-gnu/9.3.0/../../../../aarch64-rockchip-linux-gnu/include/c++/9.3.0/backward"]
  ignore line: [ignoring duplicate directory "/home/liangchuan/Development/rk3588/toolchain/gcc-buildroot-9.3.0-2020.03-x86_64_aarch64-rockchip-linux-gnu/bin/../lib/gcc/../../lib/gcc/aarch64-rockchip-linux-gnu/9.3.0/include"]
  ignore line: [ignoring nonexistent directory "/home/liangchuan/Development/rk3588/toolchain/gcc-buildroot-9.3.0-2020.03-x86_64_aarch64-rockchip-linux-gnu/aarch64-rockchip-linux-gnu/sysroot/usr/local/include"]
  ignore line: [ignoring duplicate directory "/home/liangchuan/Development/rk3588/toolchain/gcc-buildroot-9.3.0-2020.03-x86_64_aarch64-rockchip-linux-gnu/bin/../lib/gcc/../../lib/gcc/aarch64-rockchip-linux-gnu/9.3.0/include-fixed"]
  ignore line: [ignoring duplicate directory "/home/liangchuan/Development/rk3588/toolchain/gcc-buildroot-9.3.0-2020.03-x86_64_aarch64-rockchip-linux-gnu/bin/../lib/gcc/../../lib/gcc/aarch64-rockchip-linux-gnu/9.3.0/../../../../aarch64-rockchip-linux-gnu/include"]
  ignore line: [#include "..." search starts here:]
  ignore line: [#include <...> search starts here:]
  ignore line: [ /home/liangchuan/Development/rk3588/toolchain/gcc-buildroot-9.3.0-2020.03-x86_64_aarch64-rockchip-linux-gnu/bin/../lib/gcc/aarch64-rockchip-linux-gnu/9.3.0/../../../../aarch64-rockchip-linux-gnu/include/c++/9.3.0]
  ignore line: [ /home/liangchuan/Development/rk3588/toolchain/gcc-buildroot-9.3.0-2020.03-x86_64_aarch64-rockchip-linux-gnu/bin/../lib/gcc/aarch64-rockchip-linux-gnu/9.3.0/../../../../aarch64-rockchip-linux-gnu/include/c++/9.3.0/aarch64-rockchip-linux-gnu]
  ignore line: [ /home/liangchuan/Development/rk3588/toolchain/gcc-buildroot-9.3.0-2020.03-x86_64_aarch64-rockchip-linux-gnu/bin/../lib/gcc/aarch64-rockchip-linux-gnu/9.3.0/../../../../aarch64-rockchip-linux-gnu/include/c++/9.3.0/backward]
  ignore line: [ /home/liangchuan/Development/rk3588/toolchain/gcc-buildroot-9.3.0-2020.03-x86_64_aarch64-rockchip-linux-gnu/bin/../lib/gcc/aarch64-rockchip-linux-gnu/9.3.0/include]
  ignore line: [ /home/liangchuan/Development/rk3588/toolchain/gcc-buildroot-9.3.0-2020.03-x86_64_aarch64-rockchip-linux-gnu/bin/../lib/gcc/aarch64-rockchip-linux-gnu/9.3.0/include-fixed]
  ignore line: [ /home/liangchuan/Development/rk3588/toolchain/gcc-buildroot-9.3.0-2020.03-x86_64_aarch64-rockchip-linux-gnu/bin/../lib/gcc/aarch64-rockchip-linux-gnu/9.3.0/../../../../aarch64-rockchip-linux-gnu/include]
  ignore line: [ /home/liangchuan/Development/rk3588/toolchain/gcc-buildroot-9.3.0-2020.03-x86_64_aarch64-rockchip-linux-gnu/aarch64-rockchip-linux-gnu/sysroot/usr/include]
  ignore line: [End of search list.]
  ignore line: [GNU C++14 (Buildroot 2018.02-rc3-g548dfbfc13-dirty) version 9.3.0 (aarch64-rockchip-linux-gnu)]
  ignore line: [	compiled by GNU C version 5.4.0 20160609  GMP version 6.1.2  MPFR version 3.1.6  MPC version 1.0.3  isl version isl-0.18-GMP]
  ignore line: []
  ignore line: [GGC heuristics: --param ggc-min-expand=100 --param ggc-min-heapsize=131072]
  ignore line: [Compiler executable checksum: ea565a4b60596e91fe1710be551766c1]
  ignore line: [COLLECT_GCC_OPTIONS='-v' '-o' 'CMakeFiles/cmTC_27a20.dir/CMakeCXXCompilerABI.cpp.o' '-c' '-shared-libgcc' '-mcpu=cortex-a55' '-mlittle-endian' '-mabi=lp64']
  ignore line: [ /home/liangchuan/Development/rk3588/toolchain/gcc-buildroot-9.3.0-2020.03-x86_64_aarch64-rockchip-linux-gnu/bin/../lib/gcc/aarch64-rockchip-linux-gnu/9.3.0/../../../../aarch64-rockchip-linux-gnu/bin/as -v -EL -march=armv8.2-a+fp16+rcpc+dotprod -mabi=lp64 -o CMakeFiles/cmTC_27a20.dir/CMakeCXXCompilerABI.cpp.o /tmp/ccQlrTlR.s]
  ignore line: [GNU assembler version 2.29.1 (aarch64-rockchip-linux-gnu) using BFD version (GNU Binutils) 2.29.1]
  ignore line: [COMPILER_PATH=/home/liangchuan/Development/rk3588/toolchain/gcc-buildroot-9.3.0-2020.03-x86_64_aarch64-rockchip-linux-gnu/bin/../libexec/gcc/aarch64-rockchip-linux-gnu/9.3.0/:/home/liangchuan/Development/rk3588/toolchain/gcc-buildroot-9.3.0-2020.03-x86_64_aarch64-rockchip-linux-gnu/bin/../libexec/gcc/:/home/liangchuan/Development/rk3588/toolchain/gcc-buildroot-9.3.0-2020.03-x86_64_aarch64-rockchip-linux-gnu/bin/../lib/gcc/aarch64-rockchip-linux-gnu/9.3.0/../../../../aarch64-rockchip-linux-gnu/bin/]
  ignore line: [LIBRARY_PATH=/home/liangchuan/Development/rk3588/toolchain/gcc-buildroot-9.3.0-2020.03-x86_64_aarch64-rockchip-linux-gnu/bin/../lib/gcc/aarch64-rockchip-linux-gnu/9.3.0/:/home/liangchuan/Development/rk3588/toolchain/gcc-buildroot-9.3.0-2020.03-x86_64_aarch64-rockchip-linux-gnu/bin/../lib/gcc/:/home/liangchuan/Development/rk3588/toolchain/gcc-buildroot-9.3.0-2020.03-x86_64_aarch64-rockchip-linux-gnu/aarch64-rockchip-linux-gnu/sysroot/lib/../lib64/:/home/liangchuan/Development/rk3588/toolchain/gcc-buildroot-9.3.0-2020.03-x86_64_aarch64-rockchip-linux-gnu/aarch64-rockchip-linux-gnu/sysroot/usr/lib/../lib64/:/home/liangchuan/Development/rk3588/toolchain/gcc-buildroot-9.3.0-2020.03-x86_64_aarch64-rockchip-linux-gnu/aarch64-rockchip-linux-gnu/sysroot/lib/:/home/liangchuan/Development/rk3588/toolchain/gcc-buildroot-9.3.0-2020.03-x86_64_aarch64-rockchip-linux-gnu/aarch64-rockchip-linux-gnu/sysroot/usr/lib/]
  ignore line: [COLLECT_GCC_OPTIONS='-v' '-o' 'CMakeFiles/cmTC_27a20.dir/CMakeCXXCompilerABI.cpp.o' '-c' '-shared-libgcc' '-mcpu=cortex-a55' '-mlittle-endian' '-mabi=lp64']
  ignore line: [Linking CXX executable cmTC_27a20]
  ignore line: [/usr/bin/cmake -E cmake_link_script CMakeFiles/cmTC_27a20.dir/link.txt --verbose=1]
  ignore line: [/home/liangchuan/Development/rk3588/toolchain/gcc-buildroot-9.3.0-2020.03-x86_64_aarch64-rockchip-linux-gnu/bin/aarch64-rockchip-linux-gnu-g++      -v CMakeFiles/cmTC_27a20.dir/CMakeCXXCompilerABI.cpp.o  -o cmTC_27a20 ]
  ignore line: [Using built-in specs.]
  ignore line: [COLLECT_GCC=/home/liangchuan/Development/rk3588/toolchain/gcc-buildroot-9.3.0-2020.03-x86_64_aarch64-rockchip-linux-gnu/bin/aarch64-rockchip-linux-gnu-g++.br_real]
  ignore line: [COLLECT_LTO_WRAPPER=/home/liangchuan/Development/rk3588/toolchain/gcc-buildroot-9.3.0-2020.03-x86_64_aarch64-rockchip-linux-gnu/bin/../libexec/gcc/aarch64-rockchip-linux-gnu/9.3.0/lto-wrapper]
  ignore line: [Target: aarch64-rockchip-linux-gnu]
  ignore line: [Configured with: ./configure --prefix=/home/yhx/RK356X/SDK/buildroot/output/rockchip_toolchain/host --sysconfdir=/home/yhx/RK356X/SDK/buildroot/output/rockchip_toolchain/host/etc --enable-static --target=aarch64-rockchip-linux-gnu --with-sysroot=/home/yhx/RK356X/SDK/buildroot/output/rockchip_toolchain/host/aarch64-rockchip-linux-gnu/sysroot --enable-__cxa_atexit --with-gnu-ld --disable-libssp --disable-multilib --disable-decimal-float --with-gmp=/home/yhx/RK356X/SDK/buildroot/output/rockchip_toolchain/host --with-mpc=/home/yhx/RK356X/SDK/buildroot/output/rockchip_toolchain/host --with-mpfr=/home/yhx/RK356X/SDK/buildroot/output/rockchip_toolchain/host --with-pkgversion='Buildroot 2018.02-rc3-g548dfbfc13-dirty' --with-bugurl=http://bugs.buildroot.net/ --disable-libquadmath --enable-tls --enable-plugins --enable-lto --enable-threads --with-isl=/home/yhx/RK356X/SDK/buildroot/output/rockchip_toolchain/host --with-abi=lp64 --with-cpu=cortex-a55 --enable-languages=c,c++ --with-build-time-tools=/home/yhx/RK356X/SDK/buildroot/output/rockchip_toolchain/host/aarch64-rockchip-linux-gnu/bin --enable-shared --enable-libgomp]
  ignore line: [Thread model: posix]
  ignore line: [gcc version 9.3.0 (Buildroot 2018.02-rc3-g548dfbfc13-dirty) ]
  ignore line: [COMPILER_PATH=/home/liangchuan/Development/rk3588/toolchain/gcc-buildroot-9.3.0-2020.03-x86_64_aarch64-rockchip-linux-gnu/bin/../libexec/gcc/aarch64-rockchip-linux-gnu/9.3.0/:/home/liangchuan/Development/rk3588/toolchain/gcc-buildroot-9.3.0-2020.03-x86_64_aarch64-rockchip-linux-gnu/bin/../libexec/gcc/:/home/liangchuan/Development/rk3588/toolchain/gcc-buildroot-9.3.0-2020.03-x86_64_aarch64-rockchip-linux-gnu/bin/../lib/gcc/aarch64-rockchip-linux-gnu/9.3.0/../../../../aarch64-rockchip-linux-gnu/bin/]
  ignore line: [LIBRARY_PATH=/home/liangchuan/Development/rk3588/toolchain/gcc-buildroot-9.3.0-2020.03-x86_64_aarch64-rockchip-linux-gnu/bin/../lib/gcc/aarch64-rockchip-linux-gnu/9.3.0/:/home/liangchuan/Development/rk3588/toolchain/gcc-buildroot-9.3.0-2020.03-x86_64_aarch64-rockchip-linux-gnu/bin/../lib/gcc/:/home/liangchuan/Development/rk3588/toolchain/gcc-buildroot-9.3.0-2020.03-x86_64_aarch64-rockchip-linux-gnu/aarch64-rockchip-linux-gnu/sysroot/lib/../lib64/:/home/liangchuan/Development/rk3588/toolchain/gcc-buildroot-9.3.0-2020.03-x86_64_aarch64-rockchip-linux-gnu/aarch64-rockchip-linux-gnu/sysroot/usr/lib/../lib64/:/home/liangchuan/Development/rk3588/toolchain/gcc-buildroot-9.3.0-2020.03-x86_64_aarch64-rockchip-linux-gnu/aarch64-rockchip-linux-gnu/sysroot/lib/:/home/liangchuan/Development/rk3588/toolchain/gcc-buildroot-9.3.0-2020.03-x86_64_aarch64-rockchip-linux-gnu/aarch64-rockchip-linux-gnu/sysroot/usr/lib/]
  ignore line: [COLLECT_GCC_OPTIONS='-v' '-o' 'cmTC_27a20' '-shared-libgcc' '-mcpu=cortex-a55' '-mlittle-endian' '-mabi=lp64']
  link line: [ /home/liangchuan/Development/rk3588/toolchain/gcc-buildroot-9.3.0-2020.03-x86_64_aarch64-rockchip-linux-gnu/bin/../libexec/gcc/aarch64-rockchip-linux-gnu/9.3.0/collect2 -plugin /home/liangchuan/Development/rk3588/toolchain/gcc-buildroot-9.3.0-2020.03-x86_64_aarch64-rockchip-linux-gnu/bin/../libexec/gcc/aarch64-rockchip-linux-gnu/9.3.0/liblto_plugin.so -plugin-opt=/home/liangchuan/Development/rk3588/toolchain/gcc-buildroot-9.3.0-2020.03-x86_64_aarch64-rockchip-linux-gnu/bin/../libexec/gcc/aarch64-rockchip-linux-gnu/9.3.0/lto-wrapper -plugin-opt=-fresolution=/tmp/ccpvPp7i.res -plugin-opt=-pass-through=-lgcc_s -plugin-opt=-pass-through=-lgcc -plugin-opt=-pass-through=-lc -plugin-opt=-pass-through=-lgcc_s -plugin-opt=-pass-through=-lgcc --sysroot=/home/liangchuan/Development/rk3588/toolchain/gcc-buildroot-9.3.0-2020.03-x86_64_aarch64-rockchip-linux-gnu/aarch64-rockchip-linux-gnu/sysroot --eh-frame-hdr -dynamic-linker /lib/ld-linux-aarch64.so.1 -X -EL -maarch64linux -o cmTC_27a20 /home/liangchuan/Development/rk3588/toolchain/gcc-buildroot-9.3.0-2020.03-x86_64_aarch64-rockchip-linux-gnu/aarch64-rockchip-linux-gnu/sysroot/usr/lib/../lib64/crt1.o /home/liangchuan/Development/rk3588/toolchain/gcc-buildroot-9.3.0-2020.03-x86_64_aarch64-rockchip-linux-gnu/aarch64-rockchip-linux-gnu/sysroot/usr/lib/../lib64/crti.o /home/liangchuan/Development/rk3588/toolchain/gcc-buildroot-9.3.0-2020.03-x86_64_aarch64-rockchip-linux-gnu/bin/../lib/gcc/aarch64-rockchip-linux-gnu/9.3.0/crtbegin.o -L/home/liangchuan/Development/rk3588/toolchain/gcc-buildroot-9.3.0-2020.03-x86_64_aarch64-rockchip-linux-gnu/bin/../lib/gcc/aarch64-rockchip-linux-gnu/9.3.0 -L/home/liangchuan/Development/rk3588/toolchain/gcc-buildroot-9.3.0-2020.03-x86_64_aarch64-rockchip-linux-gnu/bin/../lib/gcc -L/home/liangchuan/Development/rk3588/toolchain/gcc-buildroot-9.3.0-2020.03-x86_64_aarch64-rockchip-linux-gnu/aarch64-rockchip-linux-gnu/sysroot/lib/../lib64 -L/home/liangchuan/Development/rk3588/toolchain/gcc-buildroot-9.3.0-2020.03-x86_64_aarch64-rockchip-linux-gnu/aarch64-rockchip-linux-gnu/sysroot/usr/lib/../lib64 -L/home/liangchuan/Development/rk3588/toolchain/gcc-buildroot-9.3.0-2020.03-x86_64_aarch64-rockchip-linux-gnu/aarch64-rockchip-linux-gnu/sysroot/lib -L/home/liangchuan/Development/rk3588/toolchain/gcc-buildroot-9.3.0-2020.03-x86_64_aarch64-rockchip-linux-gnu/aarch64-rockchip-linux-gnu/sysroot/usr/lib CMakeFiles/cmTC_27a20.dir/CMakeCXXCompilerABI.cpp.o -lstdc++ -lm -lgcc_s -lgcc -lc -lgcc_s -lgcc /home/liangchuan/Development/rk3588/toolchain/gcc-buildroot-9.3.0-2020.03-x86_64_aarch64-rockchip-linux-gnu/bin/../lib/gcc/aarch64-rockchip-linux-gnu/9.3.0/crtend.o /home/liangchuan/Development/rk3588/toolchain/gcc-buildroot-9.3.0-2020.03-x86_64_aarch64-rockchip-linux-gnu/aarch64-rockchip-linux-gnu/sysroot/usr/lib/../lib64/crtn.o]
    arg [/home/liangchuan/Development/rk3588/toolchain/gcc-buildroot-9.3.0-2020.03-x86_64_aarch64-rockchip-linux-gnu/bin/../libexec/gcc/aarch64-rockchip-linux-gnu/9.3.0/collect2] ==> ignore
    arg [-plugin] ==> ignore
    arg [/home/liangchuan/Development/rk3588/toolchain/gcc-buildroot-9.3.0-2020.03-x86_64_aarch64-rockchip-linux-gnu/bin/../libexec/gcc/aarch64-rockchip-linux-gnu/9.3.0/liblto_plugin.so] ==> ignore
    arg [-plugin-opt=/home/liangchuan/Development/rk3588/toolchain/gcc-buildroot-9.3.0-2020.03-x86_64_aarch64-rockchip-linux-gnu/bin/../libexec/gcc/aarch64-rockchip-linux-gnu/9.3.0/lto-wrapper] ==> ignore
    arg [-plugin-opt=-fresolution=/tmp/ccpvPp7i.res] ==> ignore
    arg [-plugin-opt=-pass-through=-lgcc_s] ==> ignore
    arg [-plugin-opt=-pass-through=-lgcc] ==> ignore
    arg [-plugin-opt=-pass-through=-lc] ==> ignore
    arg [-plugin-opt=-pass-through=-lgcc_s] ==> ignore
    arg [-plugin-opt=-pass-through=-lgcc] ==> ignore
    arg [--sysroot=/home/liangchuan/Development/rk3588/toolchain/gcc-buildroot-9.3.0-2020.03-x86_64_aarch64-rockchip-linux-gnu/aarch64-rockchip-linux-gnu/sysroot] ==> ignore
    arg [--eh-frame-hdr] ==> ignore
    arg [-dynamic-linker] ==> ignore
    arg [/lib/ld-linux-aarch64.so.1] ==> ignore
    arg [-X] ==> ignore
    arg [-EL] ==> ignore
    arg [-maarch64linux] ==> ignore
    arg [-o] ==> ignore
    arg [cmTC_27a20] ==> ignore
    arg [/home/liangchuan/Development/rk3588/toolchain/gcc-buildroot-9.3.0-2020.03-x86_64_aarch64-rockchip-linux-gnu/aarch64-rockchip-linux-gnu/sysroot/usr/lib/../lib64/crt1.o] ==> ignore
    arg [/home/liangchuan/Development/rk3588/toolchain/gcc-buildroot-9.3.0-2020.03-x86_64_aarch64-rockchip-linux-gnu/aarch64-rockchip-linux-gnu/sysroot/usr/lib/../lib64/crti.o] ==> ignore
    arg [/home/liangchuan/Development/rk3588/toolchain/gcc-buildroot-9.3.0-2020.03-x86_64_aarch64-rockchip-linux-gnu/bin/../lib/gcc/aarch64-rockchip-linux-gnu/9.3.0/crtbegin.o] ==> ignore
    arg [-L/home/liangchuan/Development/rk3588/toolchain/gcc-buildroot-9.3.0-2020.03-x86_64_aarch64-rockchip-linux-gnu/bin/../lib/gcc/aarch64-rockchip-linux-gnu/9.3.0] ==> dir [/home/liangchuan/Development/rk3588/toolchain/gcc-buildroot-9.3.0-2020.03-x86_64_aarch64-rockchip-linux-gnu/bin/../lib/gcc/aarch64-rockchip-linux-gnu/9.3.0]
    arg [-L/home/liangchuan/Development/rk3588/toolchain/gcc-buildroot-9.3.0-2020.03-x86_64_aarch64-rockchip-linux-gnu/bin/../lib/gcc] ==> dir [/home/liangchuan/Development/rk3588/toolchain/gcc-buildroot-9.3.0-2020.03-x86_64_aarch64-rockchip-linux-gnu/bin/../lib/gcc]
    arg [-L/home/liangchuan/Development/rk3588/toolchain/gcc-buildroot-9.3.0-2020.03-x86_64_aarch64-rockchip-linux-gnu/aarch64-rockchip-linux-gnu/sysroot/lib/../lib64] ==> dir [/home/liangchuan/Development/rk3588/toolchain/gcc-buildroot-9.3.0-2020.03-x86_64_aarch64-rockchip-linux-gnu/aarch64-rockchip-linux-gnu/sysroot/lib/../lib64]
    arg [-L/home/liangchuan/Development/rk3588/toolchain/gcc-buildroot-9.3.0-2020.03-x86_64_aarch64-rockchip-linux-gnu/aarch64-rockchip-linux-gnu/sysroot/usr/lib/../lib64] ==> dir [/home/liangchuan/Development/rk3588/toolchain/gcc-buildroot-9.3.0-2020.03-x86_64_aarch64-rockchip-linux-gnu/aarch64-rockchip-linux-gnu/sysroot/usr/lib/../lib64]
    arg [-L/home/liangchuan/Development/rk3588/toolchain/gcc-buildroot-9.3.0-2020.03-x86_64_aarch64-rockchip-linux-gnu/aarch64-rockchip-linux-gnu/sysroot/lib] ==> dir [/home/liangchuan/Development/rk3588/toolchain/gcc-buildroot-9.3.0-2020.03-x86_64_aarch64-rockchip-linux-gnu/aarch64-rockchip-linux-gnu/sysroot/lib]
    arg [-L/home/liangchuan/Development/rk3588/toolchain/gcc-buildroot-9.3.0-2020.03-x86_64_aarch64-rockchip-linux-gnu/aarch64-rockchip-linux-gnu/sysroot/usr/lib] ==> dir [/home/liangchuan/Development/rk3588/toolchain/gcc-buildroot-9.3.0-2020.03-x86_64_aarch64-rockchip-linux-gnu/aarch64-rockchip-linux-gnu/sysroot/usr/lib]
    arg [CMakeFiles/cmTC_27a20.dir/CMakeCXXCompilerABI.cpp.o] ==> ignore
    arg [-lstdc++] ==> lib [stdc++]
    arg [-lm] ==> lib [m]
    arg [-lgcc_s] ==> lib [gcc_s]
    arg [-lgcc] ==> lib [gcc]
    arg [-lc] ==> lib [c]
    arg [-lgcc_s] ==> lib [gcc_s]
    arg [-lgcc] ==> lib [gcc]
    arg [/home/liangchuan/Development/rk3588/toolchain/gcc-buildroot-9.3.0-2020.03-x86_64_aarch64-rockchip-linux-gnu/bin/../lib/gcc/aarch64-rockchip-linux-gnu/9.3.0/crtend.o] ==> ignore
    arg [/home/liangchuan/Development/rk3588/toolchain/gcc-buildroot-9.3.0-2020.03-x86_64_aarch64-rockchip-linux-gnu/aarch64-rockchip-linux-gnu/sysroot/usr/lib/../lib64/crtn.o] ==> ignore
  collapse library dir [/home/liangchuan/Development/rk3588/toolchain/gcc-buildroot-9.3.0-2020.03-x86_64_aarch64-rockchip-linux-gnu/bin/../lib/gcc/aarch64-rockchip-linux-gnu/9.3.0] ==> [/home/liangchuan/Development/rk3588/toolchain/gcc-buildroot-9.3.0-2020.03-x86_64_aarch64-rockchip-linux-gnu/lib/gcc/aarch64-rockchip-linux-gnu/9.3.0]
  collapse library dir [/home/liangchuan/Development/rk3588/toolchain/gcc-buildroot-9.3.0-2020.03-x86_64_aarch64-rockchip-linux-gnu/bin/../lib/gcc] ==> [/home/liangchuan/Development/rk3588/toolchain/gcc-buildroot-9.3.0-2020.03-x86_64_aarch64-rockchip-linux-gnu/lib/gcc]
  collapse library dir [/home/liangchuan/Development/rk3588/toolchain/gcc-buildroot-9.3.0-2020.03-x86_64_aarch64-rockchip-linux-gnu/aarch64-rockchip-linux-gnu/sysroot/lib/../lib64] ==> [/home/liangchuan/Development/rk3588/toolchain/gcc-buildroot-9.3.0-2020.03-x86_64_aarch64-rockchip-linux-gnu/aarch64-rockchip-linux-gnu/sysroot/lib64]
  collapse library dir [/home/liangchuan/Development/rk3588/toolchain/gcc-buildroot-9.3.0-2020.03-x86_64_aarch64-rockchip-linux-gnu/aarch64-rockchip-linux-gnu/sysroot/usr/lib/../lib64] ==> [/home/liangchuan/Development/rk3588/toolchain/gcc-buildroot-9.3.0-2020.03-x86_64_aarch64-rockchip-linux-gnu/aarch64-rockchip-linux-gnu/sysroot/usr/lib64]
  collapse library dir [/home/liangchuan/Development/rk3588/toolchain/gcc-buildroot-9.3.0-2020.03-x86_64_aarch64-rockchip-linux-gnu/aarch64-rockchip-linux-gnu/sysroot/lib] ==> [/home/liangchuan/Development/rk3588/toolchain/gcc-buildroot-9.3.0-2020.03-x86_64_aarch64-rockchip-linux-gnu/aarch64-rockchip-linux-gnu/sysroot/lib]
  collapse library dir [/home/liangchuan/Development/rk3588/toolchain/gcc-buildroot-9.3.0-2020.03-x86_64_aarch64-rockchip-linux-gnu/aarch64-rockchip-linux-gnu/sysroot/usr/lib] ==> [/home/liangchuan/Development/rk3588/toolchain/gcc-buildroot-9.3.0-2020.03-x86_64_aarch64-rockchip-linux-gnu/aarch64-rockchip-linux-gnu/sysroot/usr/lib]
  implicit libs: [stdc++;m;gcc_s;gcc;c;gcc_s;gcc]
  implicit dirs: [/home/liangchuan/Development/rk3588/toolchain/gcc-buildroot-9.3.0-2020.03-x86_64_aarch64-rockchip-linux-gnu/lib/gcc/aarch64-rockchip-linux-gnu/9.3.0;/home/liangchuan/Development/rk3588/toolchain/gcc-buildroot-9.3.0-2020.03-x86_64_aarch64-rockchip-linux-gnu/lib/gcc;/home/liangchuan/Development/rk3588/toolchain/gcc-buildroot-9.3.0-2020.03-x86_64_aarch64-rockchip-linux-gnu/aarch64-rockchip-linux-gnu/sysroot/lib64;/home/liangchuan/Development/rk3588/toolchain/gcc-buildroot-9.3.0-2020.03-x86_64_aarch64-rockchip-linux-gnu/aarch64-rockchip-linux-gnu/sysroot/usr/lib64;/home/liangchuan/Development/rk3588/toolchain/gcc-buildroot-9.3.0-2020.03-x86_64_aarch64-rockchip-linux-gnu/aarch64-rockchip-linux-gnu/sysroot/lib;/home/liangchuan/Development/rk3588/toolchain/gcc-buildroot-9.3.0-2020.03-x86_64_aarch64-rockchip-linux-gnu/aarch64-rockchip-linux-gnu/sysroot/usr/lib]
  implicit fwks: []


